c:\projects\mashware4017\mashware4017\release\myopenglwidget.obj
c:\projects\mashware4017\mashware4017\release\mashware4017.obj
c:\projects\mashware4017\mashware4017\release\plylib.obj
c:\projects\mashware4017\mashware4017\release\main.obj
c:\projects\mashware4017\mashware4017\release\moc_mashware4017.obj
c:\projects\mashware4017\mashware4017\release\qrc_mashware4017.obj
c:\projects\mashware4017\mashware4017\release\moc_myopenglwidget.obj
c:\projects\mashware4017\release\mashware4017.exe
c:\projects\mashware4017\mashware4017\release\uic\ui_mashware4017.h
c:\projects\mashware4017\mashware4017\release\rcc\qrc_mashware4017.cpp
c:\projects\mashware4017\mashware4017\release\moc\moc_mashware4017.cpp
c:\projects\mashware4017\mashware4017\release\moc\moc_myopenglwidget.cpp
c:\projects\mashware4017\mashware4017\release\mashware4017.res
c:\projects\mashware4017\mashware4017\release\mashware4017.tlog\cl.14512.write.1.tlog
c:\projects\mashware4017\mashware4017\release\mashware4017.tlog\cl.command.1.tlog
c:\projects\mashware4017\mashware4017\release\mashware4017.tlog\cl.read.1.tlog
c:\projects\mashware4017\mashware4017\release\mashware4017.tlog\link.command.1.tlog
c:\projects\mashware4017\mashware4017\release\mashware4017.tlog\link.read.1.tlog
c:\projects\mashware4017\mashware4017\release\mashware4017.tlog\link.write.1.tlog
c:\projects\mashware4017\mashware4017\release\mashware4017.tlog\mashware4017.write.1u.tlog
c:\projects\mashware4017\mashware4017\release\mashware4017.tlog\moc.read.1u.tlog
c:\projects\mashware4017\mashware4017\release\mashware4017.tlog\moc.write.1u.tlog
c:\projects\mashware4017\mashware4017\release\mashware4017.tlog\rc.command.1.tlog
c:\projects\mashware4017\mashware4017\release\mashware4017.tlog\rc.read.1.tlog
c:\projects\mashware4017\mashware4017\release\mashware4017.tlog\rc.write.1.tlog
c:\projects\mashware4017\mashware4017\release\mashware4017.tlog\rcc.read.1u.tlog
c:\projects\mashware4017\mashware4017\release\mashware4017.tlog\rcc.write.1u.tlog
c:\projects\mashware4017\mashware4017\release\mashware4017.tlog\uic.read.1u.tlog
c:\projects\mashware4017\mashware4017\release\mashware4017.tlog\uic.write.1u.tlog
