  Reading Qt configuration (C:/Qt/5.15.2/msvc2019/bin/qmake)
  myopenglwidget.cpp
C:\Qt\5.15.2\msvc2019\include\vcg\complex\algorithms\update\color.h(1,1): warning C4819: 该文件包含不能在当前代码页(936)中表示的字符。请将该文件保存为 Unicode 格式以防止数据丢失
C:\Qt\5.15.2\msvc2019\include\wrap\io_trimesh\import_obj.h(436,42): warning C4834: 放弃具有 "nodiscard" 属性的函数的返回值
C:\Qt\5.15.2\msvc2019\include\wrap\io_trimesh\import_obj.h(230): message : 在编译 类 模板 成员函数“int vcg::tri::io::ImporterOBJ<OpenMeshType>::Open(OpenMeshType &,const char *,vcg::tri::io::ImporterOBJ<OpenMeshType>::Info &)”时
          with
          [
              OpenMeshType=MyMesh
          ]
C:\Qt\5.15.2\msvc2019\include\wrap\io_trimesh\import_obj.h(217): message : 查看对正在编译的函数 模板 实例化“int vcg::tri::io::ImporterOBJ<OpenMeshType>::Open(OpenMeshType &,const char *,vcg::tri::io::ImporterOBJ<OpenMeshType>::Info &)”的引用
          with
          [
              OpenMeshType=MyMesh
          ]
C:\Qt\5.15.2\msvc2019\include\wrap\io_trimesh\import.h(171): message : 查看对正在编译的 类 模板 实例化“vcg::tri::io::ImporterOBJ<OpenMeshType>”的引用
          with
          [
              OpenMeshType=MyMesh
          ]
C:\Qt\5.15.2\msvc2019\include\wrap\io_trimesh\import.h(165): message : 在编译 类 模板 成员函数“const char *vcg::tri::io::Importer<MyMesh>::ErrorMsg(int)”时
C:\Projects\Mashware4017\Mashware4017\myvcg.h(55): message : 查看对正在编译的函数 模板 实例化“const char *vcg::tri::io::Importer<MyMesh>::ErrorMsg(int)”的引用
C:\Projects\Mashware4017\Mashware4017\myvcg.h(53): message : 查看对正在编译的 类 模板 实例化“vcg::tri::io::Importer<MyMesh>”的引用
myopenglwidget.obj : error LNK2019: 无法解析的外部符号 "__declspec(dllimport) public: __cdecl QMessageLogger::QMessageLogger(char const *,int,char const *)" (__imp_??0QMessageLogger@@QEAA@PEBDH0@Z)，函数 "public: void __cdecl MyMesh::Extract(bool)" (?Extract@MyMesh@@QEAAX_N@Z) 中引用了该符号
myopenglwidget.obj : error LNK2019: 无法解析的外部符号 "__declspec(dllimport) public: class QDebug __cdecl QMessageLogger::debug(void)const " (__imp_?debug@QMessageLogger@@QEBA?AVQDebug@@XZ)，函数 "public: void __cdecl MyMesh::Extract(bool)" (?Extract@MyMesh@@QEAAX_N@Z) 中引用了该符号
myopenglwidget.obj : error LNK2019: 无法解析的外部符号 "__declspec(dllimport) public: __cdecl QDebug::~QDebug(void)" (__imp_??1QDebug@@QEAA@XZ)，函数 "public: void __cdecl MyMesh::Extract(bool)" (?Extract@MyMesh@@QEAAX_N@Z) 中引用了该符号
myopenglwidget.obj : error LNK2019: 无法解析的外部符号 "__declspec(dllimport) public: class QDebug & __cdecl QDebug::operator<<(float)" (__imp_??6QDebug@@QEAAAEAV0@M@Z)，函数 "public: void __cdecl MyMesh::Extract(bool)" (?Extract@MyMesh@@QEAAX_N@Z) 中引用了该符号
myopenglwidget.obj : error LNK2019: 无法解析的外部符号 "__declspec(dllimport) public: void __cdecl QWidget::update(void)" (__imp_?update@QWidget@@QEAAXXZ)，函数 "public: void __cdecl MyOpenGLWidget::moveDown(void)" (?moveDown@MyOpenGLWidget@@QEAAXXZ) 中引用了该符号
myopenglwidget.obj : error LNK2019: 无法解析的外部符号 "__declspec(dllimport) public: __cdecl QOpenGLWidget::QOpenGLWidget(class QWidget *,class QFlags<enum Qt::WindowType>)" (__imp_??0QOpenGLWidget@@QEAA@PEAVQWidget@@V?$QFlags@W4WindowType@Qt@@@@@Z)，函数 "public: __cdecl MyOpenGLWidget::MyOpenGLWidget(class QWidget *)" (??0MyOpenGLWidget@@QEAA@PEAVQWidget@@@Z) 中引用了该符号
myopenglwidget.obj : error LNK2019: 无法解析的外部符号 "__declspec(dllimport) public: virtual __cdecl QOpenGLWidget::~QOpenGLWidget(void)" (__imp_??1QOpenGLWidget@@UEAA@XZ)，函数 "int `public: __cdecl MyOpenGLWidget::MyOpenGLWidget(class QWidget *)'::`1'::dtor$0" (?dtor$0@?0???0MyOpenGLWidget@@QEAA@PEAVQWidget@@@Z@4HA) 中引用了该符号
myopenglwidget.obj : error LNK2019: 无法解析的外部符号 "__declspec(dllimport) public: void __cdecl QOpenGLWidget::makeCurrent(void)" (__imp_?makeCurrent@QOpenGLWidget@@QEAAXXZ)，函数 "public: void __cdecl MyOpenGLWidget::loadModel(char const *)" (?loadModel@MyOpenGLWidget@@QEAAXPEBD@Z) 中引用了该符号
myopenglwidget.obj : error LNK2019: 无法解析的外部符号 "__declspec(dllimport) public: void __cdecl QOpenGLWidget::doneCurrent(void)" (__imp_?doneCurrent@QOpenGLWidget@@QEAAXXZ)，函数 "public: void __cdecl MyOpenGLWidget::loadModel(char const *)" (?loadModel@MyOpenGLWidget@@QEAAXPEBD@Z) 中引用了该符号
myopenglwidget.obj : error LNK2019: 无法解析的外部符号 "__declspec(dllimport) public: __cdecl QOpenGLVersionProfile::~QOpenGLVersionProfile(void)" (__imp_??1QOpenGLVersionProfile@@QEAA@XZ)，函数 "public: void __cdecl MyOpenGLWidget::loadModel(char const *)" (?loadModel@MyOpenGLWidget@@QEAAXPEBD@Z) 中引用了该符号
myopenglwidget.obj : error LNK2019: 无法解析的外部符号 "__declspec(dllimport) public: static class QOpenGLContext * __cdecl QOpenGLContext::currentContext(void)" (__imp_?currentContext@QOpenGLContext@@SAPEAV1@XZ)，函数 "public: void __cdecl MyOpenGLWidget::loadModel(char const *)" (?loadModel@MyOpenGLWidget@@QEAAXPEBD@Z) 中引用了该符号
myopenglwidget.obj : error LNK2019: 无法解析的外部符号 "__declspec(dllimport) public: class QAbstractOpenGLFunctions * __cdecl QOpenGLContext::versionFunctions(class QOpenGLVersionProfile const &)const " (__imp_?versionFunctions@QOpenGLContext@@QEBAPEAVQAbstractOpenGLFunctions@@AEBVQOpenGLVersionProfile@@@Z)，函数 "public: void __cdecl MyOpenGLWidget::loadModel(char const *)" (?loadModel@MyOpenGLWidget@@QEAAXPEBD@Z) 中引用了该符号
myopenglwidget.obj : error LNK2019: 无法解析的外部符号 "__declspec(dllimport) public: __cdecl QOpenGLFunctions_4_4_Core::QOpenGLFunctions_4_4_Core(void)" (__imp_??0QOpenGLFunctions_4_4_Core@@QEAA@XZ)，函数 "public: __cdecl MyOpenGLWidget::MyOpenGLWidget(class QWidget *)" (??0MyOpenGLWidget@@QEAA@PEAVQWidget@@@Z) 中引用了该符号
myopenglwidget.obj : error LNK2019: 无法解析的外部符号 "__declspec(dllimport) public: virtual __cdecl QOpenGLFunctions_4_4_Core::~QOpenGLFunctions_4_4_Core(void)" (__imp_??1QOpenGLFunctions_4_4_Core@@UEAA@XZ)，函数 "public: virtual void * __cdecl MyOpenGLWidget::`scalar deleting destructor'(unsigned int)" (??_GMyOpenGLWidget@@UEAAPEAXI@Z) 中引用了该符号
myopenglwidget.obj : error LNK2019: 无法解析的外部符号 "__declspec(dllimport) public: void __cdecl QOpenGLFunctions_4_4_Core::glClearColor(float,float,float,float)" (__imp_?glClearColor@QOpenGLFunctions_4_4_Core@@QEAAXMMMM@Z)，函数 "public: void __cdecl MyModel::Draw(void)" (?Draw@MyModel@@QEAAXXZ) 中引用了该符号
myopenglwidget.obj : error LNK2019: 无法解析的外部符号 "__declspec(dllimport) public: void __cdecl QOpenGLFunctions_4_4_Core::glClear(unsigned int)" (__imp_?glClear@QOpenGLFunctions_4_4_Core@@QEAAXI@Z)，函数 "public: void __cdecl MyModel::Draw(void)" (?Draw@MyModel@@QEAAXXZ) 中引用了该符号
myopenglwidget.obj : error LNK2019: 无法解析的外部符号 "__declspec(dllimport) public: void __cdecl QOpenGLFunctions_4_4_Core::glPolygonMode(unsigned int,unsigned int)" (__imp_?glPolygonMode@QOpenGLFunctions_4_4_Core@@QEAAXII@Z)，函数 "public: void __cdecl MyModel::Draw(void)" (?Draw@MyModel@@QEAAXXZ) 中引用了该符号
myopenglwidget.obj : error LNK2019: 无法解析的外部符号 "__declspec(dllimport) public: void __cdecl QOpenGLFunctions_4_4_Core::glCullFace(unsigned int)" (__imp_?glCullFace@QOpenGLFunctions_4_4_Core@@QEAAXI@Z)，函数 "public: void __cdecl MyModel::Draw(void)" (?Draw@MyModel@@QEAAXXZ) 中引用了该符号
myopenglwidget.obj : error LNK2019: 无法解析的外部符号 "__declspec(dllimport) public: void __cdecl QOpenGLFunctions_4_4_Core::glDrawArrays(unsigned int,int,int)" (__imp_?glDrawArrays@QOpenGLFunctions_4_4_Core@@QEAAXIHH@Z)，函数 "public: void __cdecl MyModel::Draw(void)" (?Draw@MyModel@@QEAAXXZ) 中引用了该符号
myopenglwidget.obj : error LNK2019: 无法解析的外部符号 "__declspec(dllimport) public: void __cdecl QOpenGLFunctions_4_4_Core::glBufferData(unsigned int,__int64,void const *,unsigned int)" (__imp_?glBufferData@QOpenGLFunctions_4_4_Core@@QEAAXI_JPEBXI@Z)，函数 "public: __cdecl MyModel::MyModel(char const *,class QOpenGLFunctions_4_4_Core *)" (??0MyModel@@QEAA@PEBDPEAVQOpenGLFunctions_4_4_Core@@@Z) 中引用了该符号
myopenglwidget.obj : error LNK2019: 无法解析的外部符号 "__declspec(dllimport) public: void __cdecl QOpenGLFunctions_4_4_Core::glGenBuffers(int,unsigned int *)" (__imp_?glGenBuffers@QOpenGLFunctions_4_4_Core@@QEAAXHPEAI@Z)，函数 "public: __cdecl MyModel::MyModel(char const *,class QOpenGLFunctions_4_4_Core *)" (??0MyModel@@QEAA@PEBDPEAVQOpenGLFunctions_4_4_Core@@@Z) 中引用了该符号
myopenglwidget.obj : error LNK2019: 无法解析的外部符号 "__declspec(dllimport) public: void __cdecl QOpenGLFunctions_4_4_Core::glBindBuffer(unsigned int,unsigned int)" (__imp_?glBindBuffer@QOpenGLFunctions_4_4_Core@@QEAAXII@Z)，函数 "public: __cdecl MyModel::MyModel(char const *,class QOpenGLFunctions_4_4_Core *)" (??0MyModel@@QEAA@PEBDPEAVQOpenGLFunctions_4_4_Core@@@Z) 中引用了该符号
myopenglwidget.obj : error LNK2019: 无法解析的外部符号 "__declspec(dllimport) public: void __cdecl QOpenGLFunctions_4_4_Core::glVertexAttribPointer(unsigned int,int,unsigned int,unsigned char,int,void const *)" (__imp_?glVertexAttribPointer@QOpenGLFunctions_4_4_Core@@QEAAXIHIEHPEBX@Z)，函数 "public: __cdecl MyModel::MyModel(char const *,class QOpenGLFunctions_4_4_Core *)" (??0MyModel@@QEAA@PEBDPEAVQOpenGLFunctions_4_4_Core@@@Z) 中引用了该符号
myopenglwidget.obj : error LNK2019: 无法解析的外部符号 "__declspec(dllimport) public: void __cdecl QOpenGLFunctions_4_4_Core::glValidateProgram(unsigned int)" (__imp_?glValidateProgram@QOpenGLFunctions_4_4_Core@@QEAAXI@Z)，函数 "protected: unsigned int __cdecl MyOpenGLWidget::createShader(class std::basic_string<char,struct std::char_traits<char>,class std::allocator<char> > const &,class std::basic_string<char,struct std::char_traits<char>,class std::allocator<char> > const &)" (?createShader@MyOpenGLWidget@@IEAAIAEBV?$basic_string@DU?$char_traits@D@std@@V?$allocator@D@2@@std@@0@Z) 中引用了该符号
myopenglwidget.obj : error LNK2019: 无法解析的外部符号 "__declspec(dllimport) public: void __cdecl QOpenGLFunctions_4_4_Core::glUseProgram(unsigned int)" (__imp_?glUseProgram@QOpenGLFunctions_4_4_Core@@QEAAXI@Z)，函数 "protected: virtual void __cdecl MyOpenGLWidget::paintGL(void)" (?paintGL@MyOpenGLWidget@@MEAAXXZ) 中引用了该符号
myopenglwidget.obj : error LNK2019: 无法解析的外部符号 "__declspec(dllimport) public: void __cdecl QOpenGLFunctions_4_4_Core::glShaderSource(unsigned int,int,char const * const *,int const *)" (__imp_?glShaderSource@QOpenGLFunctions_4_4_Core@@QEAAXIHPEBQEBDPEBH@Z)，函数 "protected: unsigned int __cdecl MyOpenGLWidget::compileShader(int,class std::basic_string<char,struct std::char_traits<char>,class std::allocator<char> > const &)" (?compileShader@MyOpenGLWidget@@IEAAIHAEBV?$basic_string@DU?$char_traits@D@std@@V?$allocator@D@2@@std@@@Z) 中引用了该符号
myopenglwidget.obj : error LNK2019: 无法解析的外部符号 "__declspec(dllimport) public: void __cdecl QOpenGLFunctions_4_4_Core::glLinkProgram(unsigned int)" (__imp_?glLinkProgram@QOpenGLFunctions_4_4_Core@@QEAAXI@Z)，函数 "protected: unsigned int __cdecl MyOpenGLWidget::createShader(class std::basic_string<char,struct std::char_traits<char>,class std::allocator<char> > const &,class std::basic_string<char,struct std::char_traits<char>,class std::allocator<char> > const &)" (?createShader@MyOpenGLWidget@@IEAAIAEBV?$basic_string@DU?$char_traits@D@std@@V?$allocator@D@2@@std@@0@Z) 中引用了该符号
myopenglwidget.obj : error LNK2019: 无法解析的外部符号 "__declspec(dllimport) public: void __cdecl QOpenGLFunctions_4_4_Core::glGetShaderInfoLog(unsigned int,int,int *,char *)" (__imp_?glGetShaderInfoLog@QOpenGLFunctions_4_4_Core@@QEAAXIHPEAHPEAD@Z)，函数 "protected: unsigned int __cdecl MyOpenGLWidget::compileShader(int,class std::basic_string<char,struct std::char_traits<char>,class std::allocator<char> > const &)" (?compileShader@MyOpenGLWidget@@IEAAIHAEBV?$basic_string@DU?$char_traits@D@std@@V?$allocator@D@2@@std@@@Z) 中引用了该符号
myopenglwidget.obj : error LNK2019: 无法解析的外部符号 "__declspec(dllimport) public: void __cdecl QOpenGLFunctions_4_4_Core::glGetShaderiv(unsigned int,unsigned int,int *)" (__imp_?glGetShaderiv@QOpenGLFunctions_4_4_Core@@QEAAXIIPEAH@Z)，函数 "protected: unsigned int __cdecl MyOpenGLWidget::compileShader(int,class std::basic_string<char,struct std::char_traits<char>,class std::allocator<char> > const &)" (?compileShader@MyOpenGLWidget@@IEAAIHAEBV?$basic_string@DU?$char_traits@D@std@@V?$allocator@D@2@@std@@@Z) 中引用了该符号
myopenglwidget.obj : error LNK2019: 无法解析的外部符号 "__declspec(dllimport) public: void __cdecl QOpenGLFunctions_4_4_Core::glEnableVertexAttribArray(unsigned int)" (__imp_?glEnableVertexAttribArray@QOpenGLFunctions_4_4_Core@@QEAAXI@Z)，函数 "public: __cdecl MyModel::MyModel(char const *,class QOpenGLFunctions_4_4_Core *)" (??0MyModel@@QEAA@PEBDPEAVQOpenGLFunctions_4_4_Core@@@Z) 中引用了该符号
myopenglwidget.obj : error LNK2019: 无法解析的外部符号 "__declspec(dllimport) public: void __cdecl QOpenGLFunctions_4_4_Core::glDeleteShader(unsigned int)" (__imp_?glDeleteShader@QOpenGLFunctions_4_4_Core@@QEAAXI@Z)，函数 "protected: unsigned int __cdecl MyOpenGLWidget::createShader(class std::basic_string<char,struct std::char_traits<char>,class std::allocator<char> > const &,class std::basic_string<char,struct std::char_traits<char>,class std::allocator<char> > const &)" (?createShader@MyOpenGLWidget@@IEAAIAEBV?$basic_string@DU?$char_traits@D@std@@V?$allocator@D@2@@std@@0@Z) 中引用了该符号
myopenglwidget.obj : error LNK2019: 无法解析的外部符号 "__declspec(dllimport) public: unsigned int __cdecl QOpenGLFunctions_4_4_Core::glCreateShader(unsigned int)" (__imp_?glCreateShader@QOpenGLFunctions_4_4_Core@@QEAAII@Z)，函数 "protected: unsigned int __cdecl MyOpenGLWidget::compileShader(int,class std::basic_string<char,struct std::char_traits<char>,class std::allocator<char> > const &)" (?compileShader@MyOpenGLWidget@@IEAAIHAEBV?$basic_string@DU?$char_traits@D@std@@V?$allocator@D@2@@std@@@Z) 中引用了该符号
myopenglwidget.obj : error LNK2019: 无法解析的外部符号 "__declspec(dllimport) public: unsigned int __cdecl QOpenGLFunctions_4_4_Core::glCreateProgram(void)" (__imp_?glCreateProgram@QOpenGLFunctions_4_4_Core@@QEAAIXZ)，函数 "protected: unsigned int __cdecl MyOpenGLWidget::createShader(class std::basic_string<char,struct std::char_traits<char>,class std::allocator<char> > const &,class std::basic_string<char,struct std::char_traits<char>,class std::allocator<char> > const &)" (?createShader@MyOpenGLWidget@@IEAAIAEBV?$basic_string@DU?$char_traits@D@std@@V?$allocator@D@2@@std@@0@Z) 中引用了该符号
myopenglwidget.obj : error LNK2019: 无法解析的外部符号 "__declspec(dllimport) public: void __cdecl QOpenGLFunctions_4_4_Core::glCompileShader(unsigned int)" (__imp_?glCompileShader@QOpenGLFunctions_4_4_Core@@QEAAXI@Z)，函数 "protected: unsigned int __cdecl MyOpenGLWidget::compileShader(int,class std::basic_string<char,struct std::char_traits<char>,class std::allocator<char> > const &)" (?compileShader@MyOpenGLWidget@@IEAAIHAEBV?$basic_string@DU?$char_traits@D@std@@V?$allocator@D@2@@std@@@Z) 中引用了该符号
myopenglwidget.obj : error LNK2019: 无法解析的外部符号 "__declspec(dllimport) public: void __cdecl QOpenGLFunctions_4_4_Core::glAttachShader(unsigned int,unsigned int)" (__imp_?glAttachShader@QOpenGLFunctions_4_4_Core@@QEAAXII@Z)，函数 "protected: unsigned int __cdecl MyOpenGLWidget::createShader(class std::basic_string<char,struct std::char_traits<char>,class std::allocator<char> > const &,class std::basic_string<char,struct std::char_traits<char>,class std::allocator<char> > const &)" (?createShader@MyOpenGLWidget@@IEAAIAEBV?$basic_string@DU?$char_traits@D@std@@V?$allocator@D@2@@std@@0@Z) 中引用了该符号
myopenglwidget.obj : error LNK2019: 无法解析的外部符号 "__declspec(dllimport) public: void __cdecl QOpenGLFunctions_4_4_Core::glGenVertexArrays(int,unsigned int *)" (__imp_?glGenVertexArrays@QOpenGLFunctions_4_4_Core@@QEAAXHPEAI@Z)，函数 "public: __cdecl MyModel::MyModel(char const *,class QOpenGLFunctions_4_4_Core *)" (??0MyModel@@QEAA@PEBDPEAVQOpenGLFunctions_4_4_Core@@@Z) 中引用了该符号
myopenglwidget.obj : error LNK2019: 无法解析的外部符号 "__declspec(dllimport) public: void __cdecl QOpenGLFunctions_4_4_Core::glBindVertexArray(unsigned int)" (__imp_?glBindVertexArray@QOpenGLFunctions_4_4_Core@@QEAAXI@Z)，函数 "public: __cdecl MyModel::MyModel(char const *,class QOpenGLFunctions_4_4_Core *)" (??0MyModel@@QEAA@PEBDPEAVQOpenGLFunctions_4_4_Core@@@Z) 中引用了该符号
myopenglwidget.obj : error LNK2019: 无法解析的外部符号 "__declspec(dllimport) private: static class QOpenGLVersionProfile __cdecl QOpenGLFunctions_4_4_Core::versionProfile(void)" (__imp_?versionProfile@QOpenGLFunctions_4_4_Core@@CA?AVQOpenGLVersionProfile@@XZ)，函数 "public: void __cdecl MyOpenGLWidget::loadModel(char const *)" (?loadModel@MyOpenGLWidget@@QEAAXPEBD@Z) 中引用了该符号
myopenglwidget.obj : error LNK2001: 无法解析的外部符号 "public: __cdecl QDebug::~QDebug(void)" (??1QDebug@@QEAA@XZ)
myopenglwidget.obj : error LNK2001: 无法解析的外部符号 "public: __cdecl QOpenGLVersionProfile::~QOpenGLVersionProfile(void)" (??1QOpenGLVersionProfile@@QEAA@XZ)
myopenglwidget.obj : error LNK2001: 无法解析的外部符号 "public: virtual __cdecl QOpenGLWidget::~QOpenGLWidget(void)" (??1QOpenGLWidget@@UEAA@XZ)
myopenglwidget.obj : error LNK2001: 无法解析的外部符号 "protected: virtual void __cdecl QWidget::actionEvent(class QActionEvent *)" (?actionEvent@QWidget@@MEAAXPEAVQActionEvent@@@Z)
Mashware4017.obj : error LNK2001: 无法解析的外部符号 "protected: virtual void __cdecl QWidget::actionEvent(class QActionEvent *)" (?actionEvent@QWidget@@MEAAXPEAVQActionEvent@@@Z)
myopenglwidget.obj : error LNK2001: 无法解析的外部符号 "protected: virtual void __cdecl QWidget::changeEvent(class QEvent *)" (?changeEvent@QWidget@@MEAAXPEAVQEvent@@@Z)
Mashware4017.obj : error LNK2001: 无法解析的外部符号 "protected: virtual void __cdecl QWidget::changeEvent(class QEvent *)" (?changeEvent@QWidget@@MEAAXPEAVQEvent@@@Z)
myopenglwidget.obj : error LNK2001: 无法解析的外部符号 "protected: virtual void __cdecl QObject::childEvent(class QChildEvent *)" (?childEvent@QObject@@MEAAXPEAVQChildEvent@@@Z)
Mashware4017.obj : error LNK2001: 无法解析的外部符号 "protected: virtual void __cdecl QObject::childEvent(class QChildEvent *)" (?childEvent@QObject@@MEAAXPEAVQChildEvent@@@Z)
myopenglwidget.obj : error LNK2001: 无法解析的外部符号 "protected: virtual void __cdecl QWidget::closeEvent(class QCloseEvent *)" (?closeEvent@QWidget@@MEAAXPEAVQCloseEvent@@@Z)
Mashware4017.obj : error LNK2001: 无法解析的外部符号 "protected: virtual void __cdecl QWidget::closeEvent(class QCloseEvent *)" (?closeEvent@QWidget@@MEAAXPEAVQCloseEvent@@@Z)
myopenglwidget.obj : error LNK2001: 无法解析的外部符号 "protected: virtual void __cdecl QObject::connectNotify(class QMetaMethod const &)" (?connectNotify@QObject@@MEAAXAEBVQMetaMethod@@@Z)
Mashware4017.obj : error LNK2001: 无法解析的外部符号 "protected: virtual void __cdecl QObject::connectNotify(class QMetaMethod const &)" (?connectNotify@QObject@@MEAAXAEBVQMetaMethod@@@Z)
myopenglwidget.obj : error LNK2001: 无法解析的外部符号 "protected: virtual void __cdecl QWidget::contextMenuEvent(class QContextMenuEvent *)" (?contextMenuEvent@QWidget@@MEAAXPEAVQContextMenuEvent@@@Z)
Mashware4017.obj : error LNK2001: 无法解析的外部符号 "protected: virtual void __cdecl QWidget::contextMenuEvent(class QContextMenuEvent *)" (?contextMenuEvent@QWidget@@MEAAXPEAVQContextMenuEvent@@@Z)
myopenglwidget.obj : error LNK2001: 无法解析的外部符号 "protected: virtual void __cdecl QObject::customEvent(class QEvent *)" (?customEvent@QObject@@MEAAXPEAVQEvent@@@Z)
Mashware4017.obj : error LNK2001: 无法解析的外部符号 "protected: virtual void __cdecl QObject::customEvent(class QEvent *)" (?customEvent@QObject@@MEAAXPEAVQEvent@@@Z)
myopenglwidget.obj : error LNK2001: 无法解析的外部符号 "public: virtual int __cdecl QWidget::devType(void)const " (?devType@QWidget@@UEBAHXZ)
Mashware4017.obj : error LNK2001: 无法解析的外部符号 "public: virtual int __cdecl QWidget::devType(void)const " (?devType@QWidget@@UEBAHXZ)
myopenglwidget.obj : error LNK2001: 无法解析的外部符号 "protected: virtual void __cdecl QObject::disconnectNotify(class QMetaMethod const &)" (?disconnectNotify@QObject@@MEAAXAEBVQMetaMethod@@@Z)
Mashware4017.obj : error LNK2001: 无法解析的外部符号 "protected: virtual void __cdecl QObject::disconnectNotify(class QMetaMethod const &)" (?disconnectNotify@QObject@@MEAAXAEBVQMetaMethod@@@Z)
myopenglwidget.obj : error LNK2001: 无法解析的外部符号 "protected: virtual void __cdecl QWidget::dragEnterEvent(class QDragEnterEvent *)" (?dragEnterEvent@QWidget@@MEAAXPEAVQDragEnterEvent@@@Z)
Mashware4017.obj : error LNK2001: 无法解析的外部符号 "protected: virtual void __cdecl QWidget::dragEnterEvent(class QDragEnterEvent *)" (?dragEnterEvent@QWidget@@MEAAXPEAVQDragEnterEvent@@@Z)
myopenglwidget.obj : error LNK2001: 无法解析的外部符号 "protected: virtual void __cdecl QWidget::dragLeaveEvent(class QDragLeaveEvent *)" (?dragLeaveEvent@QWidget@@MEAAXPEAVQDragLeaveEvent@@@Z)
Mashware4017.obj : error LNK2001: 无法解析的外部符号 "protected: virtual void __cdecl QWidget::dragLeaveEvent(class QDragLeaveEvent *)" (?dragLeaveEvent@QWidget@@MEAAXPEAVQDragLeaveEvent@@@Z)
myopenglwidget.obj : error LNK2001: 无法解析的外部符号 "protected: virtual void __cdecl QWidget::dragMoveEvent(class QDragMoveEvent *)" (?dragMoveEvent@QWidget@@MEAAXPEAVQDragMoveEvent@@@Z)
Mashware4017.obj : error LNK2001: 无法解析的外部符号 "protected: virtual void __cdecl QWidget::dragMoveEvent(class QDragMoveEvent *)" (?dragMoveEvent@QWidget@@MEAAXPEAVQDragMoveEvent@@@Z)
myopenglwidget.obj : error LNK2001: 无法解析的外部符号 "protected: virtual void __cdecl QWidget::dropEvent(class QDropEvent *)" (?dropEvent@QWidget@@MEAAXPEAVQDropEvent@@@Z)
Mashware4017.obj : error LNK2001: 无法解析的外部符号 "protected: virtual void __cdecl QWidget::dropEvent(class QDropEvent *)" (?dropEvent@QWidget@@MEAAXPEAVQDropEvent@@@Z)
myopenglwidget.obj : error LNK2001: 无法解析的外部符号 "protected: virtual void __cdecl QWidget::enterEvent(class QEvent *)" (?enterEvent@QWidget@@MEAAXPEAVQEvent@@@Z)
Mashware4017.obj : error LNK2001: 无法解析的外部符号 "protected: virtual void __cdecl QWidget::enterEvent(class QEvent *)" (?enterEvent@QWidget@@MEAAXPEAVQEvent@@@Z)
myopenglwidget.obj : error LNK2001: 无法解析的外部符号 "protected: virtual bool __cdecl QOpenGLWidget::event(class QEvent *)" (?event@QOpenGLWidget@@MEAA_NPEAVQEvent@@@Z)
myopenglwidget.obj : error LNK2001: 无法解析的外部符号 "public: virtual bool __cdecl QObject::eventFilter(class QObject *,class QEvent *)" (?eventFilter@QObject@@UEAA_NPEAV1@PEAVQEvent@@@Z)
Mashware4017.obj : error LNK2001: 无法解析的外部符号 "public: virtual bool __cdecl QObject::eventFilter(class QObject *,class QEvent *)" (?eventFilter@QObject@@UEAA_NPEAV1@PEAVQEvent@@@Z)
myopenglwidget.obj : error LNK2001: 无法解析的外部符号 "protected: virtual void __cdecl QWidget::focusInEvent(class QFocusEvent *)" (?focusInEvent@QWidget@@MEAAXPEAVQFocusEvent@@@Z)
Mashware4017.obj : error LNK2001: 无法解析的外部符号 "protected: virtual void __cdecl QWidget::focusInEvent(class QFocusEvent *)" (?focusInEvent@QWidget@@MEAAXPEAVQFocusEvent@@@Z)
myopenglwidget.obj : error LNK2001: 无法解析的外部符号 "protected: virtual bool __cdecl QWidget::focusNextPrevChild(bool)" (?focusNextPrevChild@QWidget@@MEAA_N_N@Z)
Mashware4017.obj : error LNK2001: 无法解析的外部符号 "protected: virtual bool __cdecl QWidget::focusNextPrevChild(bool)" (?focusNextPrevChild@QWidget@@MEAA_N_N@Z)
myopenglwidget.obj : error LNK2001: 无法解析的外部符号 "protected: virtual void __cdecl QWidget::focusOutEvent(class QFocusEvent *)" (?focusOutEvent@QWidget@@MEAAXPEAVQFocusEvent@@@Z)
Mashware4017.obj : error LNK2001: 无法解析的外部符号 "protected: virtual void __cdecl QWidget::focusOutEvent(class QFocusEvent *)" (?focusOutEvent@QWidget@@MEAAXPEAVQFocusEvent@@@Z)
myopenglwidget.obj : error LNK2001: 无法解析的外部符号 "public: virtual bool __cdecl QWidget::hasHeightForWidth(void)const " (?hasHeightForWidth@QWidget@@UEBA_NXZ)
Mashware4017.obj : error LNK2001: 无法解析的外部符号 "public: virtual bool __cdecl QWidget::hasHeightForWidth(void)const " (?hasHeightForWidth@QWidget@@UEBA_NXZ)
myopenglwidget.obj : error LNK2001: 无法解析的外部符号 "public: virtual int __cdecl QWidget::heightForWidth(int)const " (?heightForWidth@QWidget@@UEBAHH@Z)
Mashware4017.obj : error LNK2001: 无法解析的外部符号 "public: virtual int __cdecl QWidget::heightForWidth(int)const " (?heightForWidth@QWidget@@UEBAHH@Z)
myopenglwidget.obj : error LNK2001: 无法解析的外部符号 "protected: virtual void __cdecl QWidget::hideEvent(class QHideEvent *)" (?hideEvent@QWidget@@MEAAXPEAVQHideEvent@@@Z)
Mashware4017.obj : error LNK2001: 无法解析的外部符号 "protected: virtual void __cdecl QWidget::hideEvent(class QHideEvent *)" (?hideEvent@QWidget@@MEAAXPEAVQHideEvent@@@Z)
myopenglwidget.obj : error LNK2001: 无法解析的外部符号 "protected: virtual void __cdecl QWidget::initPainter(class QPainter *)const " (?initPainter@QWidget@@MEBAXPEAVQPainter@@@Z)
Mashware4017.obj : error LNK2001: 无法解析的外部符号 "protected: virtual void __cdecl QWidget::initPainter(class QPainter *)const " (?initPainter@QWidget@@MEBAXPEAVQPainter@@@Z)
myopenglwidget.obj : error LNK2001: 无法解析的外部符号 "public: virtual bool __cdecl QOpenGLFunctions_4_4_Core::initializeOpenGLFunctions(void)" (?initializeOpenGLFunctions@QOpenGLFunctions_4_4_Core@@UEAA_NXZ)
myopenglwidget.obj : error LNK2001: 无法解析的外部符号 "protected: virtual void __cdecl QWidget::inputMethodEvent(class QInputMethodEvent *)" (?inputMethodEvent@QWidget@@MEAAXPEAVQInputMethodEvent@@@Z)
Mashware4017.obj : error LNK2001: 无法解析的外部符号 "protected: virtual void __cdecl QWidget::inputMethodEvent(class QInputMethodEvent *)" (?inputMethodEvent@QWidget@@MEAAXPEAVQInputMethodEvent@@@Z)
myopenglwidget.obj : error LNK2001: 无法解析的外部符号 "public: virtual class QVariant __cdecl QWidget::inputMethodQuery(enum Qt::InputMethodQuery)const " (?inputMethodQuery@QWidget@@UEBA?AVQVariant@@W4InputMethodQuery@Qt@@@Z)
Mashware4017.obj : error LNK2001: 无法解析的外部符号 "public: virtual class QVariant __cdecl QWidget::inputMethodQuery(enum Qt::InputMethodQuery)const " (?inputMethodQuery@QWidget@@UEBA?AVQVariant@@W4InputMethodQuery@Qt@@@Z)
myopenglwidget.obj : error LNK2001: 无法解析的外部符号 "protected: virtual void __cdecl QWidget::keyPressEvent(class QKeyEvent *)" (?keyPressEvent@QWidget@@MEAAXPEAVQKeyEvent@@@Z)
Mashware4017.obj : error LNK2001: 无法解析的外部符号 "protected: virtual void __cdecl QWidget::keyPressEvent(class QKeyEvent *)" (?keyPressEvent@QWidget@@MEAAXPEAVQKeyEvent@@@Z)
myopenglwidget.obj : error LNK2001: 无法解析的外部符号 "protected: virtual void __cdecl QWidget::keyReleaseEvent(class QKeyEvent *)" (?keyReleaseEvent@QWidget@@MEAAXPEAVQKeyEvent@@@Z)
Mashware4017.obj : error LNK2001: 无法解析的外部符号 "protected: virtual void __cdecl QWidget::keyReleaseEvent(class QKeyEvent *)" (?keyReleaseEvent@QWidget@@MEAAXPEAVQKeyEvent@@@Z)
myopenglwidget.obj : error LNK2001: 无法解析的外部符号 "protected: virtual void __cdecl QWidget::leaveEvent(class QEvent *)" (?leaveEvent@QWidget@@MEAAXPEAVQEvent@@@Z)
Mashware4017.obj : error LNK2001: 无法解析的外部符号 "protected: virtual void __cdecl QWidget::leaveEvent(class QEvent *)" (?leaveEvent@QWidget@@MEAAXPEAVQEvent@@@Z)
myopenglwidget.obj : error LNK2001: 无法解析的外部符号 "protected: virtual int __cdecl QOpenGLWidget::metric(enum QPaintDevice::PaintDeviceMetric)const " (?metric@QOpenGLWidget@@MEBAHW4PaintDeviceMetric@QPaintDevice@@@Z)
myopenglwidget.obj : error LNK2001: 无法解析的外部符号 "public: virtual class QSize __cdecl QWidget::minimumSizeHint(void)const " (?minimumSizeHint@QWidget@@UEBA?AVQSize@@XZ)
Mashware4017.obj : error LNK2001: 无法解析的外部符号 "public: virtual class QSize __cdecl QWidget::minimumSizeHint(void)const " (?minimumSizeHint@QWidget@@UEBA?AVQSize@@XZ)
myopenglwidget.obj : error LNK2001: 无法解析的外部符号 "protected: virtual void __cdecl QWidget::mouseDoubleClickEvent(class QMouseEvent *)" (?mouseDoubleClickEvent@QWidget@@MEAAXPEAVQMouseEvent@@@Z)
Mashware4017.obj : error LNK2001: 无法解析的外部符号 "protected: virtual void __cdecl QWidget::mouseDoubleClickEvent(class QMouseEvent *)" (?mouseDoubleClickEvent@QWidget@@MEAAXPEAVQMouseEvent@@@Z)
myopenglwidget.obj : error LNK2001: 无法解析的外部符号 "protected: virtual void __cdecl QWidget::mouseMoveEvent(class QMouseEvent *)" (?mouseMoveEvent@QWidget@@MEAAXPEAVQMouseEvent@@@Z)
Mashware4017.obj : error LNK2001: 无法解析的外部符号 "protected: virtual void __cdecl QWidget::mouseMoveEvent(class QMouseEvent *)" (?mouseMoveEvent@QWidget@@MEAAXPEAVQMouseEvent@@@Z)
myopenglwidget.obj : error LNK2001: 无法解析的外部符号 "protected: virtual void __cdecl QWidget::mousePressEvent(class QMouseEvent *)" (?mousePressEvent@QWidget@@MEAAXPEAVQMouseEvent@@@Z)
Mashware4017.obj : error LNK2001: 无法解析的外部符号 "protected: virtual void __cdecl QWidget::mousePressEvent(class QMouseEvent *)" (?mousePressEvent@QWidget@@MEAAXPEAVQMouseEvent@@@Z)
myopenglwidget.obj : error LNK2001: 无法解析的外部符号 "protected: virtual void __cdecl QWidget::mouseReleaseEvent(class QMouseEvent *)" (?mouseReleaseEvent@QWidget@@MEAAXPEAVQMouseEvent@@@Z)
Mashware4017.obj : error LNK2001: 无法解析的外部符号 "protected: virtual void __cdecl QWidget::mouseReleaseEvent(class QMouseEvent *)" (?mouseReleaseEvent@QWidget@@MEAAXPEAVQMouseEvent@@@Z)
myopenglwidget.obj : error LNK2001: 无法解析的外部符号 "protected: virtual void __cdecl QWidget::moveEvent(class QMoveEvent *)" (?moveEvent@QWidget@@MEAAXPEAVQMoveEvent@@@Z)
Mashware4017.obj : error LNK2001: 无法解析的外部符号 "protected: virtual void __cdecl QWidget::moveEvent(class QMoveEvent *)" (?moveEvent@QWidget@@MEAAXPEAVQMoveEvent@@@Z)
myopenglwidget.obj : error LNK2001: 无法解析的外部符号 "protected: virtual bool __cdecl QWidget::nativeEvent(class QByteArray const &,void *,long *)" (?nativeEvent@QWidget@@MEAA_NAEBVQByteArray@@PEAXPEAJ@Z)
Mashware4017.obj : error LNK2001: 无法解析的外部符号 "protected: virtual bool __cdecl QWidget::nativeEvent(class QByteArray const &,void *,long *)" (?nativeEvent@QWidget@@MEAA_NAEBVQByteArray@@PEAXPEAJ@Z)
myopenglwidget.obj : error LNK2001: 无法解析的外部符号 "protected: virtual class QPaintEngine * __cdecl QOpenGLWidget::paintEngine(void)const " (?paintEngine@QOpenGLWidget@@MEBAPEAVQPaintEngine@@XZ)
myopenglwidget.obj : error LNK2001: 无法解析的外部符号 "protected: virtual void __cdecl QOpenGLWidget::paintEvent(class QPaintEvent *)" (?paintEvent@QOpenGLWidget@@MEAAXPEAVQPaintEvent@@@Z)
myopenglwidget.obj : error LNK2001: 无法解析的外部符号 "protected: virtual class QPaintDevice * __cdecl QOpenGLWidget::redirected(class QPoint *)const " (?redirected@QOpenGLWidget@@MEBAPEAVQPaintDevice@@PEAVQPoint@@@Z)
myopenglwidget.obj : error LNK2001: 无法解析的外部符号 "protected: virtual void __cdecl QOpenGLWidget::resizeEvent(class QResizeEvent *)" (?resizeEvent@QOpenGLWidget@@MEAAXPEAVQResizeEvent@@@Z)
myopenglwidget.obj : error LNK2001: 无法解析的外部符号 "public: virtual void __cdecl QWidget::setVisible(bool)" (?setVisible@QWidget@@UEAAX_N@Z)
Mashware4017.obj : error LNK2001: 无法解析的外部符号 "public: virtual void __cdecl QWidget::setVisible(bool)" (?setVisible@QWidget@@UEAAX_N@Z)
myopenglwidget.obj : error LNK2001: 无法解析的外部符号 "protected: virtual class QPainter * __cdecl QWidget::sharedPainter(void)const " (?sharedPainter@QWidget@@MEBAPEAVQPainter@@XZ)
Mashware4017.obj : error LNK2001: 无法解析的外部符号 "protected: virtual class QPainter * __cdecl QWidget::sharedPainter(void)const " (?sharedPainter@QWidget@@MEBAPEAVQPainter@@XZ)
myopenglwidget.obj : error LNK2001: 无法解析的外部符号 "protected: virtual void __cdecl QWidget::showEvent(class QShowEvent *)" (?showEvent@QWidget@@MEAAXPEAVQShowEvent@@@Z)
Mashware4017.obj : error LNK2001: 无法解析的外部符号 "protected: virtual void __cdecl QWidget::showEvent(class QShowEvent *)" (?showEvent@QWidget@@MEAAXPEAVQShowEvent@@@Z)
myopenglwidget.obj : error LNK2001: 无法解析的外部符号 "public: virtual class QSize __cdecl QWidget::sizeHint(void)const " (?sizeHint@QWidget@@UEBA?AVQSize@@XZ)
Mashware4017.obj : error LNK2001: 无法解析的外部符号 "public: virtual class QSize __cdecl QWidget::sizeHint(void)const " (?sizeHint@QWidget@@UEBA?AVQSize@@XZ)
myopenglwidget.obj : error LNK2001: 无法解析的外部符号 "protected: virtual void __cdecl QWidget::tabletEvent(class QTabletEvent *)" (?tabletEvent@QWidget@@MEAAXPEAVQTabletEvent@@@Z)
Mashware4017.obj : error LNK2001: 无法解析的外部符号 "protected: virtual void __cdecl QWidget::tabletEvent(class QTabletEvent *)" (?tabletEvent@QWidget@@MEAAXPEAVQTabletEvent@@@Z)
myopenglwidget.obj : error LNK2001: 无法解析的外部符号 "protected: virtual void __cdecl QObject::timerEvent(class QTimerEvent *)" (?timerEvent@QObject@@MEAAXPEAVQTimerEvent@@@Z)
Mashware4017.obj : error LNK2001: 无法解析的外部符号 "protected: virtual void __cdecl QObject::timerEvent(class QTimerEvent *)" (?timerEvent@QObject@@MEAAXPEAVQTimerEvent@@@Z)
myopenglwidget.obj : error LNK2001: 无法解析的外部符号 "protected: virtual void __cdecl QWidget::wheelEvent(class QWheelEvent *)" (?wheelEvent@QWidget@@MEAAXPEAVQWheelEvent@@@Z)
Mashware4017.obj : error LNK2001: 无法解析的外部符号 "protected: virtual void __cdecl QWidget::wheelEvent(class QWheelEvent *)" (?wheelEvent@QWidget@@MEAAXPEAVQWheelEvent@@@Z)
Mashware4017.obj : error LNK2019: 无法解析的外部符号 "__declspec(dllimport) public: class QString __cdecl QMetaObject::tr(char const *,char const *,int)const " (__imp_?tr@QMetaObject@@QEBA?AVQString@@PEBD0H@Z)，函数 "private: void __cdecl Mashware4017::on_openFile_triggered(void)" (?on_openFile_triggered@Mashware4017@@AEAAXXZ) 中引用了该符号
Mashware4017.obj : error LNK2019: 无法解析的外部符号 "__declspec(dllimport) public: static void __cdecl QMetaObject::connectSlotsByName(class QObject *)" (__imp_?connectSlotsByName@QMetaObject@@SAXPEAVQObject@@@Z)，函数 "public: void __cdecl Ui_Mashware4017Class::setupUi(class QMainWindow *)" (?setupUi@Ui_Mashware4017Class@@QEAAXPEAVQMainWindow@@@Z) 中引用了该符号
Mashware4017.obj : error LNK2019: 无法解析的外部符号 "__declspec(dllimport) public: __cdecl QByteArray::~QByteArray(void)" (__imp_??1QByteArray@@QEAA@XZ)，函数 "private: void __cdecl Mashware4017::on_openFile_triggered(void)" (?on_openFile_triggered@Mashware4017@@AEAAXXZ) 中引用了该符号
Mashware4017.obj : error LNK2019: 无法解析的外部符号 "__declspec(dllimport) public: char * __cdecl QByteArray::data(void)" (__imp_?data@QByteArray@@QEAAPEADXZ)，函数 "private: void __cdecl Mashware4017::on_openFile_triggered(void)" (?on_openFile_triggered@Mashware4017@@AEAAXXZ) 中引用了该符号
Mashware4017.obj : error LNK2019: 无法解析的外部符号 "__declspec(dllimport) public: __cdecl QString::QString(void)" (__imp_??0QString@@QEAA@XZ)，函数 "void __cdecl `dynamic initializer for 'fileName''(void)" (??__EfileName@@YAXXZ) 中引用了该符号
main.obj : error LNK2001: 无法解析的外部符号 "__declspec(dllimport) public: __cdecl QString::QString(void)" (__imp_??0QString@@QEAA@XZ)
Mashware4017.obj : error LNK2019: 无法解析的外部符号 "__declspec(dllimport) public: __cdecl QString::~QString(void)" (__imp_??1QString@@QEAA@XZ)，函数 "public: __cdecl Mashware4017::Mashware4017(class QWidget *)" (??0Mashware4017@@QEAA@PEAVQWidget@@@Z) 中引用了该符号
main.obj : error LNK2001: 无法解析的外部符号 "__declspec(dllimport) public: __cdecl QString::~QString(void)" (__imp_??1QString@@QEAA@XZ)
Mashware4017.obj : error LNK2019: 无法解析的外部符号 "__declspec(dllimport) public: class QString & __cdecl QString::operator=(class QString &&)" (__imp_??4QString@@QEAAAEAV0@$$QEAV0@@Z)，函数 "private: void __cdecl Mashware4017::on_openFile_triggered(void)" (?on_openFile_triggered@Mashware4017@@AEAAXXZ) 中引用了该符号
Mashware4017.obj : error LNK2019: 无法解析的外部符号 "__declspec(dllimport) public: class QByteArray __cdecl QString::toLatin1(void)const & " (__imp_?toLatin1@QString@@QEGBA?AVQByteArray@@XZ)，函数 "private: void __cdecl Mashware4017::on_openFile_triggered(void)" (?on_openFile_triggered@Mashware4017@@AEAAXXZ) 中引用了该符号
Mashware4017.obj : error LNK2019: 无法解析的外部符号 "__declspec(dllimport) public: static class QString __cdecl QString::fromUtf8(char const *,int)" (__imp_?fromUtf8@QString@@SA?AV1@PEBDH@Z)，函数 "public: void __cdecl Ui_Mashware4017Class::setupUi(class QMainWindow *)" (?setupUi@Ui_Mashware4017Class@@QEAAXPEAVQMainWindow@@@Z) 中引用了该符号
main.obj : error LNK2001: 无法解析的外部符号 "__declspec(dllimport) public: static class QString __cdecl QString::fromUtf8(char const *,int)" (__imp_?fromUtf8@QString@@SA?AV1@PEBDH@Z)
Mashware4017.obj : error LNK2019: 无法解析的外部符号 "__declspec(dllimport) public: static class QString __cdecl QString::fromLocal8Bit(char const *,int)" (__imp_?fromLocal8Bit@QString@@SA?AV1@PEBDH@Z)，函数 "public: __cdecl Mashware4017::Mashware4017(class QWidget *)" (??0Mashware4017@@QEAA@PEAVQWidget@@@Z) 中引用了该符号
Mashware4017.obj : error LNK2019: 无法解析的外部符号 "__declspec(dllimport) public: class std::basic_string<char,struct std::char_traits<char>,class std::allocator<char> > __cdecl QString::toStdString(void)const " (__imp_?toStdString@QString@@QEBA?AV?$basic_string@DU?$char_traits@D@std@@V?$allocator@D@2@@std@@XZ)，函数 "private: void __cdecl Mashware4017::on_openFile_triggered(void)" (?on_openFile_triggered@Mashware4017@@AEAAXXZ) 中引用了该符号
Mashware4017.obj : error LNK2019: 无法解析的外部符号 "__declspec(dllimport) private: static struct QTypedArrayData<unsigned short> * __cdecl QString::fromAscii_helper(char const *,int)" (__imp_?fromAscii_helper@QString@@CAPEAU?$QTypedArrayData@G@@PEBDH@Z)，函数 "private: void __cdecl Mashware4017::on_encrypt_triggered(void)" (?on_encrypt_triggered@Mashware4017@@AEAAXXZ) 中引用了该符号
Mashware4017.obj : error LNK2019: 无法解析的外部符号 "__declspec(dllimport) public: class QString __cdecl QObject::objectName(void)const " (__imp_?objectName@QObject@@QEBA?AVQString@@XZ)，函数 "public: void __cdecl Ui_Mashware4017Class::setupUi(class QMainWindow *)" (?setupUi@Ui_Mashware4017Class@@QEAAXPEAVQMainWindow@@@Z) 中引用了该符号
Mashware4017.obj : error LNK2019: 无法解析的外部符号 "__declspec(dllimport) public: void __cdecl QObject::setObjectName(class QString const &)" (__imp_?setObjectName@QObject@@QEAAXAEBVQString@@@Z)，函数 "public: void __cdecl Ui_Mashware4017Class::setupUi(class QMainWindow *)" (?setupUi@Ui_Mashware4017Class@@QEAAXPEAVQMainWindow@@@Z) 中引用了该符号
Mashware4017.obj : error LNK2019: 无法解析的外部符号 "__declspec(dllimport) public: __cdecl QSize::QSize(void)" (__imp_??0QSize@@QEAA@XZ)，函数 "public: void __cdecl Ui_Mashware4017Class::setupUi(class QMainWindow *)" (?setupUi@Ui_Mashware4017Class@@QEAAXPEAVQMainWindow@@@Z) 中引用了该符号
Mashware4017.obj : error LNK2019: 无法解析的外部符号 "__declspec(dllimport) public: __cdecl QSize::QSize(int,int)" (__imp_??0QSize@@QEAA@HH@Z)，函数 "public: __cdecl Mashware4017::Mashware4017(class QWidget *)" (??0Mashware4017@@QEAA@PEAVQWidget@@@Z) 中引用了该符号
Mashware4017.obj : error LNK2019: 无法解析的外部符号 "__declspec(dllimport) public: __cdecl QRect::QRect(int,int,int,int)" (__imp_??0QRect@@QEAA@HHHH@Z)，函数 "public: void __cdecl Ui_Mashware4017Class::setupUi(class QMainWindow *)" (?setupUi@Ui_Mashware4017Class@@QEAAXPEAVQMainWindow@@@Z) 中引用了该符号
Mashware4017.obj : error LNK2019: 无法解析的外部符号 "__declspec(dllimport) public: __cdecl QKeySequence::QKeySequence(class QString const &,enum QKeySequence::SequenceFormat)" (__imp_??0QKeySequence@@QEAA@AEBVQString@@W4SequenceFormat@0@@Z)，函数 "public: void __cdecl Ui_Mashware4017Class::retranslateUi(class QMainWindow *)" (?retranslateUi@Ui_Mashware4017Class@@QEAAXPEAVQMainWindow@@@Z) 中引用了该符号
Mashware4017.obj : error LNK2019: 无法解析的外部符号 "__declspec(dllimport) public: __cdecl QKeySequence::~QKeySequence(void)" (__imp_??1QKeySequence@@QEAA@XZ)，函数 "public: void __cdecl Ui_Mashware4017Class::retranslateUi(class QMainWindow *)" (?retranslateUi@Ui_Mashware4017Class@@QEAAXPEAVQMainWindow@@@Z) 中引用了该符号
Mashware4017.obj : error LNK2019: 无法解析的外部符号 "__declspec(dllimport) public: __cdecl QWidget::QWidget(class QWidget *,class QFlags<enum Qt::WindowType>)" (__imp_??0QWidget@@QEAA@PEAV0@V?$QFlags@W4WindowType@Qt@@@@@Z)，函数 "public: void __cdecl Ui_Mashware4017Class::setupUi(class QMainWindow *)" (?setupUi@Ui_Mashware4017Class@@QEAAXPEAVQMainWindow@@@Z) 中引用了该符号
Mashware4017.obj : error LNK2019: 无法解析的外部符号 "__declspec(dllimport) public: virtual __cdecl QWidget::~QWidget(void)" (__imp_??1QWidget@@UEAA@XZ)，函数 "public: virtual void * __cdecl QWidget::`scalar deleting destructor'(unsigned int)" (??_GQWidget@@UEAAPEAXI@Z) 中引用了该符号
Mashware4017.obj : error LNK2019: 无法解析的外部符号 "__declspec(dllimport) public: void __cdecl QWidget::setWindowTitle(class QString const &)" (__imp_?setWindowTitle@QWidget@@QEAAXAEBVQString@@@Z)，函数 "public: void __cdecl Ui_Mashware4017Class::retranslateUi(class QMainWindow *)" (?retranslateUi@Ui_Mashware4017Class@@QEAAXPEAVQMainWindow@@@Z) 中引用了该符号
Mashware4017.obj : error LNK2019: 无法解析的外部符号 "__declspec(dllimport) public: void __cdecl QWidget::setWindowIcon(class QIcon const &)" (__imp_?setWindowIcon@QWidget@@QEAAXAEBVQIcon@@@Z)，函数 "public: void __cdecl Ui_Mashware4017Class::setupUi(class QMainWindow *)" (?setupUi@Ui_Mashware4017Class@@QEAAXPEAVQMainWindow@@@Z) 中引用了该符号
Mashware4017.obj : error LNK2019: 无法解析的外部符号 "__declspec(dllimport) public: void __cdecl QWidget::resize(int,int)" (__imp_?resize@QWidget@@QEAAXHH@Z)，函数 "public: void __cdecl Ui_Mashware4017Class::setupUi(class QMainWindow *)" (?setupUi@Ui_Mashware4017Class@@QEAAXPEAVQMainWindow@@@Z) 中引用了该符号
Mashware4017.obj : error LNK2019: 无法解析的外部符号 "__declspec(dllimport) public: void __cdecl QWidget::setGeometry(class QRect const &)" (__imp_?setGeometry@QWidget@@QEAAXAEBVQRect@@@Z)，函数 "public: void __cdecl Ui_Mashware4017Class::setupUi(class QMainWindow *)" (?setupUi@Ui_Mashware4017Class@@QEAAXPEAVQMainWindow@@@Z) 中引用了该符号
Mashware4017.obj : error LNK2019: 无法解析的外部符号 "__declspec(dllimport) public: void __cdecl QWidget::addAction(class QAction *)" (__imp_?addAction@QWidget@@QEAAXPEAVQAction@@@Z)，函数 "public: void __cdecl Ui_Mashware4017Class::setupUi(class QMainWindow *)" (?setupUi@Ui_Mashware4017Class@@QEAAXPEAVQMainWindow@@@Z) 中引用了该符号
Mashware4017.obj : error LNK2019: 无法解析的外部符号 "__declspec(dllimport) public: __cdecl QIcon::QIcon(void)" (__imp_??0QIcon@@QEAA@XZ)，函数 "public: void __cdecl Ui_Mashware4017Class::setupUi(class QMainWindow *)" (?setupUi@Ui_Mashware4017Class@@QEAAXPEAVQMainWindow@@@Z) 中引用了该符号
Mashware4017.obj : error LNK2019: 无法解析的外部符号 "__declspec(dllimport) public: __cdecl QIcon::~QIcon(void)" (__imp_??1QIcon@@QEAA@XZ)，函数 "public: void __cdecl Ui_Mashware4017Class::setupUi(class QMainWindow *)" (?setupUi@Ui_Mashware4017Class@@QEAAXPEAVQMainWindow@@@Z) 中引用了该符号
Mashware4017.obj : error LNK2019: 无法解析的外部符号 "__declspec(dllimport) public: void __cdecl QIcon::addFile(class QString const &,class QSize const &,enum QIcon::Mode,enum QIcon::State)" (__imp_?addFile@QIcon@@QEAAXAEBVQString@@AEBVQSize@@W4Mode@1@W4State@1@@Z)，函数 "public: void __cdecl Ui_Mashware4017Class::setupUi(class QMainWindow *)" (?setupUi@Ui_Mashware4017Class@@QEAAXPEAVQMainWindow@@@Z) 中引用了该符号
Mashware4017.obj : error LNK2019: 无法解析的外部符号 "__declspec(dllimport) public: __cdecl QMainWindow::QMainWindow(class QWidget *,class QFlags<enum Qt::WindowType>)" (__imp_??0QMainWindow@@QEAA@PEAVQWidget@@V?$QFlags@W4WindowType@Qt@@@@@Z)，函数 "public: __cdecl Mashware4017::Mashware4017(class QWidget *)" (??0Mashware4017@@QEAA@PEAVQWidget@@@Z) 中引用了该符号
Mashware4017.obj : error LNK2019: 无法解析的外部符号 "__declspec(dllimport) public: virtual __cdecl QMainWindow::~QMainWindow(void)" (__imp_??1QMainWindow@@UEAA@XZ)，函数 "int `public: __cdecl Mashware4017::Mashware4017(class QWidget *)'::`1'::dtor$0" (?dtor$0@?0???0Mashware4017@@QEAA@PEAVQWidget@@@Z@4HA) 中引用了该符号
main.obj : error LNK2001: 无法解析的外部符号 "__declspec(dllimport) public: virtual __cdecl QMainWindow::~QMainWindow(void)" (__imp_??1QMainWindow@@UEAA@XZ)
Mashware4017.obj : error LNK2019: 无法解析的外部符号 "__declspec(dllimport) public: void __cdecl QMainWindow::setMenuBar(class QMenuBar *)" (__imp_?setMenuBar@QMainWindow@@QEAAXPEAVQMenuBar@@@Z)，函数 "public: void __cdecl Ui_Mashware4017Class::setupUi(class QMainWindow *)" (?setupUi@Ui_Mashware4017Class@@QEAAXPEAVQMainWindow@@@Z) 中引用了该符号
Mashware4017.obj : error LNK2019: 无法解析的外部符号 "__declspec(dllimport) public: void __cdecl QMainWindow::setStatusBar(class QStatusBar *)" (__imp_?setStatusBar@QMainWindow@@QEAAXPEAVQStatusBar@@@Z)，函数 "public: void __cdecl Ui_Mashware4017Class::setupUi(class QMainWindow *)" (?setupUi@Ui_Mashware4017Class@@QEAAXPEAVQMainWindow@@@Z) 中引用了该符号
Mashware4017.obj : error LNK2019: 无法解析的外部符号 "__declspec(dllimport) public: void __cdecl QMainWindow::setCentralWidget(class QWidget *)" (__imp_?setCentralWidget@QMainWindow@@QEAAXPEAVQWidget@@@Z)，函数 "public: __cdecl Mashware4017::Mashware4017(class QWidget *)" (??0Mashware4017@@QEAA@PEAVQWidget@@@Z) 中引用了该符号
Mashware4017.obj : error LNK2019: 无法解析的外部符号 "__declspec(dllimport) public: void __cdecl QMainWindow::addToolBar(enum Qt::ToolBarArea,class QToolBar *)" (__imp_?addToolBar@QMainWindow@@QEAAXW4ToolBarArea@Qt@@PEAVQToolBar@@@Z)，函数 "public: void __cdecl Ui_Mashware4017Class::setupUi(class QMainWindow *)" (?setupUi@Ui_Mashware4017Class@@QEAAXPEAVQMainWindow@@@Z) 中引用了该符号
Mashware4017.obj : error LNK2019: 无法解析的外部符号 "__declspec(dllimport) public: __cdecl QAction::QAction(class QObject *)" (__imp_??0QAction@@QEAA@PEAVQObject@@@Z)，函数 "public: void __cdecl Ui_Mashware4017Class::setupUi(class QMainWindow *)" (?setupUi@Ui_Mashware4017Class@@QEAAXPEAVQMainWindow@@@Z) 中引用了该符号
Mashware4017.obj : error LNK2019: 无法解析的外部符号 "__declspec(dllimport) public: virtual __cdecl QAction::~QAction(void)" (__imp_??1QAction@@UEAA@XZ)，函数 "public: virtual void * __cdecl QAction::`scalar deleting destructor'(unsigned int)" (??_GQAction@@UEAAPEAXI@Z) 中引用了该符号
Mashware4017.obj : error LNK2019: 无法解析的外部符号 "__declspec(dllimport) public: void __cdecl QAction::setIcon(class QIcon const &)" (__imp_?setIcon@QAction@@QEAAXAEBVQIcon@@@Z)，函数 "public: void __cdecl Ui_Mashware4017Class::setupUi(class QMainWindow *)" (?setupUi@Ui_Mashware4017Class@@QEAAXPEAVQMainWindow@@@Z) 中引用了该符号
Mashware4017.obj : error LNK2019: 无法解析的外部符号 "__declspec(dllimport) public: void __cdecl QAction::setText(class QString const &)" (__imp_?setText@QAction@@QEAAXAEBVQString@@@Z)，函数 "public: void __cdecl Ui_Mashware4017Class::retranslateUi(class QMainWindow *)" (?retranslateUi@Ui_Mashware4017Class@@QEAAXPEAVQMainWindow@@@Z) 中引用了该符号
Mashware4017.obj : error LNK2019: 无法解析的外部符号 "__declspec(dllimport) public: void __cdecl QAction::setToolTip(class QString const &)" (__imp_?setToolTip@QAction@@QEAAXAEBVQString@@@Z)，函数 "public: void __cdecl Ui_Mashware4017Class::retranslateUi(class QMainWindow *)" (?retranslateUi@Ui_Mashware4017Class@@QEAAXPEAVQMainWindow@@@Z) 中引用了该符号
Mashware4017.obj : error LNK2019: 无法解析的外部符号 "__declspec(dllimport) public: void __cdecl QAction::setShortcut(class QKeySequence const &)" (__imp_?setShortcut@QAction@@QEAAXAEBVQKeySequence@@@Z)，函数 "public: void __cdecl Ui_Mashware4017Class::retranslateUi(class QMainWindow *)" (?retranslateUi@Ui_Mashware4017Class@@QEAAXPEAVQMainWindow@@@Z) 中引用了该符号
Mashware4017.obj : error LNK2019: 无法解析的外部符号 "__declspec(dllimport) public: static class QString __cdecl QCoreApplication::translate(char const *,char const *,char const *,int)" (__imp_?translate@QCoreApplication@@SA?AVQString@@PEBD00H@Z)，函数 "public: void __cdecl Ui_Mashware4017Class::retranslateUi(class QMainWindow *)" (?retranslateUi@Ui_Mashware4017Class@@QEAAXPEAVQMainWindow@@@Z) 中引用了该符号
Mashware4017.obj : error LNK2019: 无法解析的外部符号 "__declspec(dllimport) public: __cdecl QMenu::QMenu(class QWidget *)" (__imp_??0QMenu@@QEAA@PEAVQWidget@@@Z)，函数 "public: void __cdecl Ui_Mashware4017Class::setupUi(class QMainWindow *)" (?setupUi@Ui_Mashware4017Class@@QEAAXPEAVQMainWindow@@@Z) 中引用了该符号
Mashware4017.obj : error LNK2019: 无法解析的外部符号 "__declspec(dllimport) public: virtual __cdecl QMenu::~QMenu(void)" (__imp_??1QMenu@@UEAA@XZ)，函数 "public: virtual void * __cdecl QMenu::`scalar deleting destructor'(unsigned int)" (??_GQMenu@@UEAAPEAXI@Z) 中引用了该符号
Mashware4017.obj : error LNK2019: 无法解析的外部符号 "__declspec(dllimport) public: class QAction * __cdecl QMenu::menuAction(void)const " (__imp_?menuAction@QMenu@@QEBAPEAVQAction@@XZ)，函数 "public: void __cdecl Ui_Mashware4017Class::setupUi(class QMainWindow *)" (?setupUi@Ui_Mashware4017Class@@QEAAXPEAVQMainWindow@@@Z) 中引用了该符号
Mashware4017.obj : error LNK2019: 无法解析的外部符号 "__declspec(dllimport) public: void __cdecl QMenu::setTitle(class QString const &)" (__imp_?setTitle@QMenu@@QEAAXAEBVQString@@@Z)，函数 "public: void __cdecl Ui_Mashware4017Class::retranslateUi(class QMainWindow *)" (?retranslateUi@Ui_Mashware4017Class@@QEAAXPEAVQMainWindow@@@Z) 中引用了该符号
Mashware4017.obj : error LNK2019: 无法解析的外部符号 "__declspec(dllimport) public: __cdecl QMenuBar::QMenuBar(class QWidget *)" (__imp_??0QMenuBar@@QEAA@PEAVQWidget@@@Z)，函数 "public: void __cdecl Ui_Mashware4017Class::setupUi(class QMainWindow *)" (?setupUi@Ui_Mashware4017Class@@QEAAXPEAVQMainWindow@@@Z) 中引用了该符号
Mashware4017.obj : error LNK2019: 无法解析的外部符号 "__declspec(dllimport) public: virtual __cdecl QMenuBar::~QMenuBar(void)" (__imp_??1QMenuBar@@UEAA@XZ)，函数 "public: virtual void * __cdecl QMenuBar::`scalar deleting destructor'(unsigned int)" (??_GQMenuBar@@UEAAPEAXI@Z) 中引用了该符号
Mashware4017.obj : error LNK2019: 无法解析的外部符号 "__declspec(dllimport) public: __cdecl QStatusBar::QStatusBar(class QWidget *)" (__imp_??0QStatusBar@@QEAA@PEAVQWidget@@@Z)，函数 "public: void __cdecl Ui_Mashware4017Class::setupUi(class QMainWindow *)" (?setupUi@Ui_Mashware4017Class@@QEAAXPEAVQMainWindow@@@Z) 中引用了该符号
Mashware4017.obj : error LNK2019: 无法解析的外部符号 "__declspec(dllimport) public: virtual __cdecl QStatusBar::~QStatusBar(void)" (__imp_??1QStatusBar@@UEAA@XZ)，函数 "public: virtual void * __cdecl QStatusBar::`scalar deleting destructor'(unsigned int)" (??_GQStatusBar@@UEAAPEAXI@Z) 中引用了该符号
Mashware4017.obj : error LNK2019: 无法解析的外部符号 "__declspec(dllimport) public: void __cdecl QStatusBar::showMessage(class QString const &,int)" (__imp_?showMessage@QStatusBar@@QEAAXAEBVQString@@H@Z)，函数 "public: __cdecl Mashware4017::Mashware4017(class QWidget *)" (??0Mashware4017@@QEAA@PEAVQWidget@@@Z) 中引用了该符号
Mashware4017.obj : error LNK2019: 无法解析的外部符号 "__declspec(dllimport) public: __cdecl QToolBar::QToolBar(class QWidget *)" (__imp_??0QToolBar@@QEAA@PEAVQWidget@@@Z)，函数 "public: void __cdecl Ui_Mashware4017Class::setupUi(class QMainWindow *)" (?setupUi@Ui_Mashware4017Class@@QEAAXPEAVQMainWindow@@@Z) 中引用了该符号
Mashware4017.obj : error LNK2019: 无法解析的外部符号 "__declspec(dllimport) public: virtual __cdecl QToolBar::~QToolBar(void)" (__imp_??1QToolBar@@UEAA@XZ)，函数 "public: virtual void * __cdecl QToolBar::`scalar deleting destructor'(unsigned int)" (??_GQToolBar@@UEAAPEAXI@Z) 中引用了该符号
Mashware4017.obj : error LNK2019: 无法解析的外部符号 "__declspec(dllimport) public: class QAction * __cdecl QToolBar::addSeparator(void)" (__imp_?addSeparator@QToolBar@@QEAAPEAVQAction@@XZ)，函数 "public: void __cdecl Ui_Mashware4017Class::setupUi(class QMainWindow *)" (?setupUi@Ui_Mashware4017Class@@QEAAXPEAVQMainWindow@@@Z) 中引用了该符号
Mashware4017.obj : error LNK2019: 无法解析的外部符号 "__declspec(dllimport) public: void __cdecl QToolBar::setIconSize(class QSize const &)" (__imp_?setIconSize@QToolBar@@QEAAXAEBVQSize@@@Z)，函数 "public: __cdecl Mashware4017::Mashware4017(class QWidget *)" (??0Mashware4017@@QEAA@PEAVQWidget@@@Z) 中引用了该符号
Mashware4017.obj : error LNK2019: 无法解析的外部符号 "__declspec(dllimport) public: static class QString __cdecl QFileDialog::getOpenFileName(class QWidget *,class QString const &,class QString const &,class QString const &,class QString *,class QFlags<enum QFileDialog::Option>)" (__imp_?getOpenFileName@QFileDialog@@SA?AVQString@@PEAVQWidget@@AEBV2@11PEAV2@V?$QFlags@W4Option@QFileDialog@@@@@Z)，函数 "private: void __cdecl Mashware4017::on_openFile_triggered(void)" (?on_openFile_triggered@Mashware4017@@AEAAXXZ) 中引用了该符号
Mashware4017.obj : error LNK2019: 无法解析的外部符号 "__declspec(dllimport) public: static class QString __cdecl QFileDialog::getSaveFileName(class QWidget *,class QString const &,class QString const &,class QString const &,class QString *,class QFlags<enum QFileDialog::Option>)" (__imp_?getSaveFileName@QFileDialog@@SA?AVQString@@PEAVQWidget@@AEBV2@11PEAV2@V?$QFlags@W4Option@QFileDialog@@@@@Z)，函数 "private: void __cdecl Mashware4017::on_save_triggered(void)" (?on_save_triggered@Mashware4017@@AEAAXXZ) 中引用了该符号
Mashware4017.obj : error LNK2019: 无法解析的外部符号 "__declspec(dllimport) public: __cdecl QMessageBox::QMessageBox(class QWidget *)" (__imp_??0QMessageBox@@QEAA@PEAVQWidget@@@Z)，函数 "private: void __cdecl Mashware4017::on_encrypt_triggered(void)" (?on_encrypt_triggered@Mashware4017@@AEAAXXZ) 中引用了该符号
Mashware4017.obj : error LNK2019: 无法解析的外部符号 "__declspec(dllimport) public: virtual __cdecl QMessageBox::~QMessageBox(void)" (__imp_??1QMessageBox@@UEAA@XZ)，函数 "private: void __cdecl Mashware4017::on_encrypt_triggered(void)" (?on_encrypt_triggered@Mashware4017@@AEAAXXZ) 中引用了该符号
Mashware4017.obj : error LNK2019: 无法解析的外部符号 "__declspec(dllimport) public: static enum QMessageBox::StandardButton __cdecl QMessageBox::question(class QWidget *,class QString const &,class QString const &,class QFlags<enum QMessageBox::StandardButton>,enum QMessageBox::StandardButton)" (__imp_?question@QMessageBox@@SA?AW4StandardButton@1@PEAVQWidget@@AEBVQString@@1V?$QFlags@W4StandardButton@QMessageBox@@@@W421@@Z)，函数 "private: void __cdecl Mashware4017::on_manual_triggered(void)" (?on_manual_triggered@Mashware4017@@AEAAXXZ) 中引用了该符号
Mashware4017.obj : error LNK2019: 无法解析的外部符号 "__declspec(dllimport) public: static enum QMessageBox::StandardButton __cdecl QMessageBox::warning(class QWidget *,class QString const &,class QString const &,class QFlags<enum QMessageBox::StandardButton>,enum QMessageBox::StandardButton)" (__imp_?warning@QMessageBox@@SA?AW4StandardButton@1@PEAVQWidget@@AEBVQString@@1V?$QFlags@W4StandardButton@QMessageBox@@@@W421@@Z)，函数 "private: void __cdecl Mashware4017::on_encrypt_triggered(void)" (?on_encrypt_triggered@Mashware4017@@AEAAXXZ) 中引用了该符号
Mashware4017.obj : error LNK2001: 无法解析的外部符号 "public: __cdecl QByteArray::~QByteArray(void)" (??1QByteArray@@QEAA@XZ)
Mashware4017.obj : error LNK2001: 无法解析的外部符号 "public: __cdecl QIcon::~QIcon(void)" (??1QIcon@@QEAA@XZ)
Mashware4017.obj : error LNK2001: 无法解析的外部符号 "public: __cdecl QKeySequence::~QKeySequence(void)" (??1QKeySequence@@QEAA@XZ)
Mashware4017.obj : error LNK2001: 无法解析的外部符号 "public: virtual __cdecl QMainWindow::~QMainWindow(void)" (??1QMainWindow@@UEAA@XZ)
Mashware4017.obj : error LNK2001: 无法解析的外部符号 "public: virtual __cdecl QMessageBox::~QMessageBox(void)" (??1QMessageBox@@UEAA@XZ)
Mashware4017.obj : error LNK2001: 无法解析的外部符号 "public: __cdecl QString::~QString(void)" (??1QString@@QEAA@XZ)
main.obj : error LNK2001: 无法解析的外部符号 "public: __cdecl QString::~QString(void)" (??1QString@@QEAA@XZ)
Mashware4017.obj : error LNK2001: 无法解析的外部符号 "protected: virtual void __cdecl QMenu::actionEvent(class QActionEvent *)" (?actionEvent@QMenu@@MEAAXPEAVQActionEvent@@@Z)
Mashware4017.obj : error LNK2001: 无法解析的外部符号 "protected: virtual void __cdecl QMenuBar::actionEvent(class QActionEvent *)" (?actionEvent@QMenuBar@@MEAAXPEAVQActionEvent@@@Z)
Mashware4017.obj : error LNK2001: 无法解析的外部符号 "protected: virtual void __cdecl QToolBar::actionEvent(class QActionEvent *)" (?actionEvent@QToolBar@@MEAAXPEAVQActionEvent@@@Z)
Mashware4017.obj : error LNK2001: 无法解析的外部符号 "protected: virtual void __cdecl QMenu::changeEvent(class QEvent *)" (?changeEvent@QMenu@@MEAAXPEAVQEvent@@@Z)
Mashware4017.obj : error LNK2001: 无法解析的外部符号 "protected: virtual void __cdecl QMenuBar::changeEvent(class QEvent *)" (?changeEvent@QMenuBar@@MEAAXPEAVQEvent@@@Z)
Mashware4017.obj : error LNK2001: 无法解析的外部符号 "protected: virtual void __cdecl QToolBar::changeEvent(class QEvent *)" (?changeEvent@QToolBar@@MEAAXPEAVQEvent@@@Z)
Mashware4017.obj : error LNK2001: 无法解析的外部符号 "protected: virtual void __cdecl QMainWindow::contextMenuEvent(class QContextMenuEvent *)" (?contextMenuEvent@QMainWindow@@MEAAXPEAVQContextMenuEvent@@@Z)
Mashware4017.obj : error LNK2001: 无法解析的外部符号 "public: virtual class QMenu * __cdecl QMainWindow::createPopupMenu(void)" (?createPopupMenu@QMainWindow@@UEAAPEAVQMenu@@XZ)
Mashware4017.obj : error LNK2001: 无法解析的外部符号 "protected: virtual void __cdecl QMenu::enterEvent(class QEvent *)" (?enterEvent@QMenu@@MEAAXPEAVQEvent@@@Z)
Mashware4017.obj : error LNK2001: 无法解析的外部符号 "protected: virtual bool __cdecl QAction::event(class QEvent *)" (?event@QAction@@MEAA_NPEAVQEvent@@@Z)
Mashware4017.obj : error LNK2001: 无法解析的外部符号 "protected: virtual bool __cdecl QMainWindow::event(class QEvent *)" (?event@QMainWindow@@MEAA_NPEAVQEvent@@@Z)
Mashware4017.obj : error LNK2001: 无法解析的外部符号 "protected: virtual bool __cdecl QMenu::event(class QEvent *)" (?event@QMenu@@MEAA_NPEAVQEvent@@@Z)
Mashware4017.obj : error LNK2001: 无法解析的外部符号 "protected: virtual bool __cdecl QMenuBar::event(class QEvent *)" (?event@QMenuBar@@MEAA_NPEAVQEvent@@@Z)
Mashware4017.obj : error LNK2001: 无法解析的外部符号 "protected: virtual bool __cdecl QStatusBar::event(class QEvent *)" (?event@QStatusBar@@MEAA_NPEAVQEvent@@@Z)
Mashware4017.obj : error LNK2001: 无法解析的外部符号 "protected: virtual bool __cdecl QToolBar::event(class QEvent *)" (?event@QToolBar@@MEAA_NPEAVQEvent@@@Z)
Mashware4017.obj : error LNK2001: 无法解析的外部符号 "protected: virtual bool __cdecl QWidget::event(class QEvent *)" (?event@QWidget@@MEAA_NPEAVQEvent@@@Z)
Mashware4017.obj : error LNK2001: 无法解析的外部符号 "protected: virtual bool __cdecl QMenuBar::eventFilter(class QObject *,class QEvent *)" (?eventFilter@QMenuBar@@MEAA_NPEAVQObject@@PEAVQEvent@@@Z)
Mashware4017.obj : error LNK2001: 无法解析的外部符号 "protected: virtual void __cdecl QMenuBar::focusInEvent(class QFocusEvent *)" (?focusInEvent@QMenuBar@@MEAAXPEAVQFocusEvent@@@Z)
Mashware4017.obj : error LNK2001: 无法解析的外部符号 "protected: virtual bool __cdecl QMenu::focusNextPrevChild(bool)" (?focusNextPrevChild@QMenu@@MEAA_N_N@Z)
Mashware4017.obj : error LNK2001: 无法解析的外部符号 "protected: virtual void __cdecl QMenuBar::focusOutEvent(class QFocusEvent *)" (?focusOutEvent@QMenuBar@@MEAAXPEAVQFocusEvent@@@Z)
Mashware4017.obj : error LNK2001: 无法解析的外部符号 "public: virtual int __cdecl QMenuBar::heightForWidth(int)const " (?heightForWidth@QMenuBar@@UEBAHH@Z)
Mashware4017.obj : error LNK2001: 无法解析的外部符号 "protected: virtual void __cdecl QMenu::hideEvent(class QHideEvent *)" (?hideEvent@QMenu@@MEAAXPEAVQHideEvent@@@Z)
Mashware4017.obj : error LNK2001: 无法解析的外部符号 "protected: virtual void __cdecl QMenu::keyPressEvent(class QKeyEvent *)" (?keyPressEvent@QMenu@@MEAAXPEAVQKeyEvent@@@Z)
Mashware4017.obj : error LNK2001: 无法解析的外部符号 "protected: virtual void __cdecl QMenuBar::keyPressEvent(class QKeyEvent *)" (?keyPressEvent@QMenuBar@@MEAAXPEAVQKeyEvent@@@Z)
Mashware4017.obj : error LNK2001: 无法解析的外部符号 "protected: virtual void __cdecl QMenu::leaveEvent(class QEvent *)" (?leaveEvent@QMenu@@MEAAXPEAVQEvent@@@Z)
Mashware4017.obj : error LNK2001: 无法解析的外部符号 "protected: virtual void __cdecl QMenuBar::leaveEvent(class QEvent *)" (?leaveEvent@QMenuBar@@MEAAXPEAVQEvent@@@Z)
Mashware4017.obj : error LNK2001: 无法解析的外部符号 "public: virtual struct QMetaObject const * __cdecl QAction::metaObject(void)const " (?metaObject@QAction@@UEBAPEBUQMetaObject@@XZ)
Mashware4017.obj : error LNK2001: 无法解析的外部符号 "public: virtual struct QMetaObject const * __cdecl QMenu::metaObject(void)const " (?metaObject@QMenu@@UEBAPEBUQMetaObject@@XZ)
Mashware4017.obj : error LNK2001: 无法解析的外部符号 "public: virtual struct QMetaObject const * __cdecl QMenuBar::metaObject(void)const " (?metaObject@QMenuBar@@UEBAPEBUQMetaObject@@XZ)
Mashware4017.obj : error LNK2001: 无法解析的外部符号 "public: virtual struct QMetaObject const * __cdecl QStatusBar::metaObject(void)const " (?metaObject@QStatusBar@@UEBAPEBUQMetaObject@@XZ)
Mashware4017.obj : error LNK2001: 无法解析的外部符号 "public: virtual struct QMetaObject const * __cdecl QToolBar::metaObject(void)const " (?metaObject@QToolBar@@UEBAPEBUQMetaObject@@XZ)
Mashware4017.obj : error LNK2001: 无法解析的外部符号 "public: virtual struct QMetaObject const * __cdecl QWidget::metaObject(void)const " (?metaObject@QWidget@@UEBAPEBUQMetaObject@@XZ)
Mashware4017.obj : error LNK2001: 无法解析的外部符号 "protected: virtual int __cdecl QWidget::metric(enum QPaintDevice::PaintDeviceMetric)const " (?metric@QWidget@@MEBAHW4PaintDeviceMetric@QPaintDevice@@@Z)
Mashware4017.obj : error LNK2001: 无法解析的外部符号 "public: virtual class QSize __cdecl QMenuBar::minimumSizeHint(void)const " (?minimumSizeHint@QMenuBar@@UEBA?AVQSize@@XZ)
Mashware4017.obj : error LNK2001: 无法解析的外部符号 "protected: virtual void __cdecl QMenu::mouseMoveEvent(class QMouseEvent *)" (?mouseMoveEvent@QMenu@@MEAAXPEAVQMouseEvent@@@Z)
Mashware4017.obj : error LNK2001: 无法解析的外部符号 "protected: virtual void __cdecl QMenuBar::mouseMoveEvent(class QMouseEvent *)" (?mouseMoveEvent@QMenuBar@@MEAAXPEAVQMouseEvent@@@Z)
Mashware4017.obj : error LNK2001: 无法解析的外部符号 "protected: virtual void __cdecl QMenu::mousePressEvent(class QMouseEvent *)" (?mousePressEvent@QMenu@@MEAAXPEAVQMouseEvent@@@Z)
Mashware4017.obj : error LNK2001: 无法解析的外部符号 "protected: virtual void __cdecl QMenuBar::mousePressEvent(class QMouseEvent *)" (?mousePressEvent@QMenuBar@@MEAAXPEAVQMouseEvent@@@Z)
Mashware4017.obj : error LNK2001: 无法解析的外部符号 "protected: virtual void __cdecl QMenu::mouseReleaseEvent(class QMouseEvent *)" (?mouseReleaseEvent@QMenu@@MEAAXPEAVQMouseEvent@@@Z)
Mashware4017.obj : error LNK2001: 无法解析的外部符号 "protected: virtual void __cdecl QMenuBar::mouseReleaseEvent(class QMouseEvent *)" (?mouseReleaseEvent@QMenuBar@@MEAAXPEAVQMouseEvent@@@Z)
Mashware4017.obj : error LNK2001: 无法解析的外部符号 "public: virtual class QPaintEngine * __cdecl QWidget::paintEngine(void)const " (?paintEngine@QWidget@@UEBAPEAVQPaintEngine@@XZ)
Mashware4017.obj : error LNK2001: 无法解析的外部符号 "protected: virtual void __cdecl QMenu::paintEvent(class QPaintEvent *)" (?paintEvent@QMenu@@MEAAXPEAVQPaintEvent@@@Z)
Mashware4017.obj : error LNK2001: 无法解析的外部符号 "protected: virtual void __cdecl QMenuBar::paintEvent(class QPaintEvent *)" (?paintEvent@QMenuBar@@MEAAXPEAVQPaintEvent@@@Z)
Mashware4017.obj : error LNK2001: 无法解析的外部符号 "protected: virtual void __cdecl QStatusBar::paintEvent(class QPaintEvent *)" (?paintEvent@QStatusBar@@MEAAXPEAVQPaintEvent@@@Z)
Mashware4017.obj : error LNK2001: 无法解析的外部符号 "protected: virtual void __cdecl QToolBar::paintEvent(class QPaintEvent *)" (?paintEvent@QToolBar@@MEAAXPEAVQPaintEvent@@@Z)
Mashware4017.obj : error LNK2001: 无法解析的外部符号 "protected: virtual void __cdecl QWidget::paintEvent(class QPaintEvent *)" (?paintEvent@QWidget@@MEAAXPEAVQPaintEvent@@@Z)
Mashware4017.obj : error LNK2001: 无法解析的外部符号 "public: virtual int __cdecl QAction::qt_metacall(enum QMetaObject::Call,int,void * *)" (?qt_metacall@QAction@@UEAAHW4Call@QMetaObject@@HPEAPEAX@Z)
Mashware4017.obj : error LNK2001: 无法解析的外部符号 "public: virtual int __cdecl QMenu::qt_metacall(enum QMetaObject::Call,int,void * *)" (?qt_metacall@QMenu@@UEAAHW4Call@QMetaObject@@HPEAPEAX@Z)
Mashware4017.obj : error LNK2001: 无法解析的外部符号 "public: virtual int __cdecl QMenuBar::qt_metacall(enum QMetaObject::Call,int,void * *)" (?qt_metacall@QMenuBar@@UEAAHW4Call@QMetaObject@@HPEAPEAX@Z)
Mashware4017.obj : error LNK2001: 无法解析的外部符号 "public: virtual int __cdecl QStatusBar::qt_metacall(enum QMetaObject::Call,int,void * *)" (?qt_metacall@QStatusBar@@UEAAHW4Call@QMetaObject@@HPEAPEAX@Z)
Mashware4017.obj : error LNK2001: 无法解析的外部符号 "public: virtual int __cdecl QToolBar::qt_metacall(enum QMetaObject::Call,int,void * *)" (?qt_metacall@QToolBar@@UEAAHW4Call@QMetaObject@@HPEAPEAX@Z)
Mashware4017.obj : error LNK2001: 无法解析的外部符号 "public: virtual int __cdecl QWidget::qt_metacall(enum QMetaObject::Call,int,void * *)" (?qt_metacall@QWidget@@UEAAHW4Call@QMetaObject@@HPEAPEAX@Z)
Mashware4017.obj : error LNK2001: 无法解析的外部符号 "public: virtual void * __cdecl QAction::qt_metacast(char const *)" (?qt_metacast@QAction@@UEAAPEAXPEBD@Z)
Mashware4017.obj : error LNK2001: 无法解析的外部符号 "public: virtual void * __cdecl QMenu::qt_metacast(char const *)" (?qt_metacast@QMenu@@UEAAPEAXPEBD@Z)
Mashware4017.obj : error LNK2001: 无法解析的外部符号 "public: virtual void * __cdecl QMenuBar::qt_metacast(char const *)" (?qt_metacast@QMenuBar@@UEAAPEAXPEBD@Z)
Mashware4017.obj : error LNK2001: 无法解析的外部符号 "public: virtual void * __cdecl QStatusBar::qt_metacast(char const *)" (?qt_metacast@QStatusBar@@UEAAPEAXPEBD@Z)
Mashware4017.obj : error LNK2001: 无法解析的外部符号 "public: virtual void * __cdecl QToolBar::qt_metacast(char const *)" (?qt_metacast@QToolBar@@UEAAPEAXPEBD@Z)
Mashware4017.obj : error LNK2001: 无法解析的外部符号 "public: virtual void * __cdecl QWidget::qt_metacast(char const *)" (?qt_metacast@QWidget@@UEAAPEAXPEBD@Z)
Mashware4017.obj : error LNK2001: 无法解析的外部符号 "protected: virtual class QPaintDevice * __cdecl QWidget::redirected(class QPoint *)const " (?redirected@QWidget@@MEBAPEAVQPaintDevice@@PEAVQPoint@@@Z)
Mashware4017.obj : error LNK2001: 无法解析的外部符号 "protected: virtual void __cdecl QMenuBar::resizeEvent(class QResizeEvent *)" (?resizeEvent@QMenuBar@@MEAAXPEAVQResizeEvent@@@Z)
Mashware4017.obj : error LNK2001: 无法解析的外部符号 "protected: virtual void __cdecl QStatusBar::resizeEvent(class QResizeEvent *)" (?resizeEvent@QStatusBar@@MEAAXPEAVQResizeEvent@@@Z)
Mashware4017.obj : error LNK2001: 无法解析的外部符号 "protected: virtual void __cdecl QWidget::resizeEvent(class QResizeEvent *)" (?resizeEvent@QWidget@@MEAAXPEAVQResizeEvent@@@Z)
Mashware4017.obj : error LNK2001: 无法解析的外部符号 "public: virtual void __cdecl QMenuBar::setVisible(bool)" (?setVisible@QMenuBar@@UEAAX_N@Z)
Mashware4017.obj : error LNK2001: 无法解析的外部符号 "protected: virtual void __cdecl QStatusBar::showEvent(class QShowEvent *)" (?showEvent@QStatusBar@@MEAAXPEAVQShowEvent@@@Z)
Mashware4017.obj : error LNK2001: 无法解析的外部符号 "public: virtual class QSize __cdecl QMenu::sizeHint(void)const " (?sizeHint@QMenu@@UEBA?AVQSize@@XZ)
Mashware4017.obj : error LNK2001: 无法解析的外部符号 "public: virtual class QSize __cdecl QMenuBar::sizeHint(void)const " (?sizeHint@QMenuBar@@UEBA?AVQSize@@XZ)
Mashware4017.obj : error LNK2001: 无法解析的外部符号 "protected: virtual void __cdecl QMenu::timerEvent(class QTimerEvent *)" (?timerEvent@QMenu@@MEAAXPEAVQTimerEvent@@@Z)
Mashware4017.obj : error LNK2001: 无法解析的外部符号 "protected: virtual void __cdecl QMenuBar::timerEvent(class QTimerEvent *)" (?timerEvent@QMenuBar@@MEAAXPEAVQTimerEvent@@@Z)
Mashware4017.obj : error LNK2001: 无法解析的外部符号 "protected: virtual void __cdecl QMenu::wheelEvent(class QWheelEvent *)" (?wheelEvent@QMenu@@MEAAXPEAVQWheelEvent@@@Z)
main.obj : error LNK2019: 无法解析的外部符号 "__declspec(dllimport) public: class QString & __cdecl QString::append(class QString const &)" (__imp_?append@QString@@QEAAAEAV1@AEBV1@@Z)，函数 "class QString const __cdecl operator+(char const *,class QString const &)" (??H@YA?BVQString@@PEBDAEBV0@@Z) 中引用了该符号
main.obj : error LNK2019: 无法解析的外部符号 "__declspec(dllimport) public: static void __cdecl QListData::dispose(struct QListData::Data *)" (__imp_?dispose@QListData@@SAXPEAUData@1@@Z)，函数 "public: __cdecl QList<class QString>::~QList<class QString>(void)" (??1?$QList@VQString@@@@QEAA@XZ) 中引用了该符号
main.obj : error LNK2019: 无法解析的外部符号 "__declspec(dllimport) public: void * * __cdecl QListData::begin(void)const " (__imp_?begin@QListData@@QEBAPEAPEAXXZ)，函数 main 中引用了该符号
main.obj : error LNK2019: 无法解析的外部符号 "__declspec(dllimport) public: void * * __cdecl QListData::end(void)const " (__imp_?end@QListData@@QEBAPEAPEAXXZ)，函数 main 中引用了该符号
main.obj : error LNK2019: 无法解析的外部符号 "__declspec(dllimport) public: void __cdecl QWidget::show(void)" (__imp_?show@QWidget@@QEAAXXZ)，函数 main 中引用了该符号
main.obj : error LNK2019: 无法解析的外部符号 "__declspec(dllimport) public: static bool __cdecl QCoreApplication::installTranslator(class QTranslator *)" (__imp_?installTranslator@QCoreApplication@@SA_NPEAVQTranslator@@@Z)，函数 main 中引用了该符号
main.obj : error LNK2019: 无法解析的外部符号 "__declspec(dllimport) public: __cdecl QLocale::QLocale(class QString const &)" (__imp_??0QLocale@@QEAA@AEBVQString@@@Z)，函数 main 中引用了该符号
main.obj : error LNK2019: 无法解析的外部符号 "__declspec(dllimport) public: __cdecl QLocale::~QLocale(void)" (__imp_??1QLocale@@QEAA@XZ)，函数 main 中引用了该符号
main.obj : error LNK2019: 无法解析的外部符号 "__declspec(dllimport) public: class QString __cdecl QLocale::name(void)const " (__imp_?name@QLocale@@QEBA?AVQString@@XZ)，函数 main 中引用了该符号
main.obj : error LNK2019: 无法解析的外部符号 "__declspec(dllimport) public: class QStringList __cdecl QLocale::uiLanguages(void)const " (__imp_?uiLanguages@QLocale@@QEBA?AVQStringList@@XZ)，函数 main 中引用了该符号
main.obj : error LNK2019: 无法解析的外部符号 "__declspec(dllimport) public: static class QLocale __cdecl QLocale::system(void)" (__imp_?system@QLocale@@SA?AV1@XZ)，函数 main 中引用了该符号
main.obj : error LNK2019: 无法解析的外部符号 "__declspec(dllimport) public: __cdecl QApplication::QApplication(int &,char * *,int)" (__imp_??0QApplication@@QEAA@AEAHPEAPEADH@Z)，函数 main 中引用了该符号
main.obj : error LNK2019: 无法解析的外部符号 "__declspec(dllimport) public: virtual __cdecl QApplication::~QApplication(void)" (__imp_??1QApplication@@UEAA@XZ)，函数 main 中引用了该符号
main.obj : error LNK2019: 无法解析的外部符号 "__declspec(dllimport) public: static int __cdecl QApplication::exec(void)" (__imp_?exec@QApplication@@SAHXZ)，函数 main 中引用了该符号
main.obj : error LNK2019: 无法解析的外部符号 "__declspec(dllimport) public: __cdecl QTranslator::QTranslator(class QObject *)" (__imp_??0QTranslator@@QEAA@PEAVQObject@@@Z)，函数 main 中引用了该符号
main.obj : error LNK2019: 无法解析的外部符号 "__declspec(dllimport) public: virtual __cdecl QTranslator::~QTranslator(void)" (__imp_??1QTranslator@@UEAA@XZ)，函数 main 中引用了该符号
main.obj : error LNK2019: 无法解析的外部符号 "__declspec(dllimport) public: bool __cdecl QTranslator::load(class QString const &,class QString const &,class QString const &,class QString const &)" (__imp_?load@QTranslator@@QEAA_NAEBVQString@@000@Z)，函数 main 中引用了该符号
main.obj : error LNK2001: 无法解析的外部符号 "public: virtual __cdecl QApplication::~QApplication(void)" (??1QApplication@@UEAA@XZ)
main.obj : error LNK2001: 无法解析的外部符号 "public: __cdecl QLocale::~QLocale(void)" (??1QLocale@@QEAA@XZ)
main.obj : error LNK2001: 无法解析的外部符号 "public: virtual __cdecl QTranslator::~QTranslator(void)" (??1QTranslator@@UEAA@XZ)
moc_Mashware4017.obj : error LNK2019: 无法解析的外部符号 "__declspec(dllimport) public: static struct QMetaObject const QMainWindow::staticMetaObject" (__imp_?staticMetaObject@QMainWindow@@2UQMetaObject@@B)，函数 "void __cdecl `dynamic initializer for 'public: static struct QMetaObject const Mashware4017::staticMetaObject''(void)" (??__E?staticMetaObject@Mashware4017@@2UQMetaObject@@B@@YAXXZ) 中引用了该符号
moc_Mashware4017.obj : error LNK2019: 无法解析的外部符号 "__declspec(dllimport) public: struct QMetaObject * __cdecl QObjectData::dynamicMetaObject(void)const " (__imp_?dynamicMetaObject@QObjectData@@QEBAPEAUQMetaObject@@XZ)，函数 "public: virtual struct QMetaObject const * __cdecl Mashware4017::metaObject(void)const " (?metaObject@Mashware4017@@UEBAPEBUQMetaObject@@XZ) 中引用了该符号
moc_myopenglwidget.obj : error LNK2001: 无法解析的外部符号 "__declspec(dllimport) public: struct QMetaObject * __cdecl QObjectData::dynamicMetaObject(void)const " (__imp_?dynamicMetaObject@QObjectData@@QEBAPEAUQMetaObject@@XZ)
moc_Mashware4017.obj : error LNK2019: 无法解析的外部符号 "__declspec(dllimport) public: virtual void * __cdecl QMainWindow::qt_metacast(char const *)" (__imp_?qt_metacast@QMainWindow@@UEAAPEAXPEBD@Z)，函数 "public: virtual void * __cdecl Mashware4017::qt_metacast(char const *)" (?qt_metacast@Mashware4017@@UEAAPEAXPEBD@Z) 中引用了该符号
moc_Mashware4017.obj : error LNK2019: 无法解析的外部符号 "__declspec(dllimport) public: virtual int __cdecl QMainWindow::qt_metacall(enum QMetaObject::Call,int,void * *)" (__imp_?qt_metacall@QMainWindow@@UEAAHW4Call@QMetaObject@@HPEAPEAX@Z)，函数 "public: virtual int __cdecl Mashware4017::qt_metacall(enum QMetaObject::Call,int,void * *)" (?qt_metacall@Mashware4017@@UEAAHW4Call@QMetaObject@@HPEAPEAX@Z) 中引用了该符号
moc_myopenglwidget.obj : error LNK2019: 无法解析的外部符号 "__declspec(dllimport) public: static struct QMetaObject const QOpenGLWidget::staticMetaObject" (__imp_?staticMetaObject@QOpenGLWidget@@2UQMetaObject@@B)，函数 "void __cdecl `dynamic initializer for 'public: static struct QMetaObject const MyOpenGLWidget::staticMetaObject''(void)" (??__E?staticMetaObject@MyOpenGLWidget@@2UQMetaObject@@B@@YAXXZ) 中引用了该符号
moc_myopenglwidget.obj : error LNK2019: 无法解析的外部符号 "__declspec(dllimport) public: virtual void * __cdecl QOpenGLWidget::qt_metacast(char const *)" (__imp_?qt_metacast@QOpenGLWidget@@UEAAPEAXPEBD@Z)，函数 "public: virtual void * __cdecl MyOpenGLWidget::qt_metacast(char const *)" (?qt_metacast@MyOpenGLWidget@@UEAAPEAXPEBD@Z) 中引用了该符号
moc_myopenglwidget.obj : error LNK2019: 无法解析的外部符号 "__declspec(dllimport) public: virtual int __cdecl QOpenGLWidget::qt_metacall(enum QMetaObject::Call,int,void * *)" (__imp_?qt_metacall@QOpenGLWidget@@UEAAHW4Call@QMetaObject@@HPEAPEAX@Z)，函数 "public: virtual int __cdecl MyOpenGLWidget::qt_metacall(enum QMetaObject::Call,int,void * *)" (?qt_metacall@MyOpenGLWidget@@UEAAHW4Call@QMetaObject@@HPEAPEAX@Z) 中引用了该符号
MSVCRT.lib(exe_winmain.obj) : error LNK2019: 无法解析的外部符号 WinMain，函数 "int __cdecl __scrt_common_main_seh(void)" (?__scrt_common_main_seh@@YAHXZ) 中引用了该符号
C:\Qt\5.15.2\msvc2019\lib\Qt5Widgets.lib : warning LNK4272: 库计算机类型“x86”与目标计算机类型“x64”冲突
C:\Qt\5.15.2\msvc2019\lib\Qt5Gui.lib : warning LNK4272: 库计算机类型“x86”与目标计算机类型“x64”冲突
C:\Qt\5.15.2\msvc2019\lib\Qt5Core.lib : warning LNK4272: 库计算机类型“x86”与目标计算机类型“x64”冲突
C:\Qt\5.15.2\msvc2019\lib\qtmain.lib : warning LNK4272: 库计算机类型“x86”与目标计算机类型“x64”冲突
C:\Projects\Mashware4017\x64\Release\Mashware4017.exe : fatal error LNK1120: 253 个无法解析的外部命令
